\BOOKMARK [1][-]{section.1}{Goal of Pilot 1}{}% 1
\BOOKMARK [2][-]{subsection.1.1}{Parameters}{section.1}% 2
\BOOKMARK [2][-]{subsection.1.2}{Subject Instructions}{section.1}% 3
\BOOKMARK [2][-]{subsection.1.3}{Experimental Design}{section.1}% 4
\BOOKMARK [2][-]{subsection.1.4}{Block sequence}{section.1}% 5
\BOOKMARK [1][-]{section.2}{Data}{}% 6
\BOOKMARK [2][-]{subsection.2.1}{RE Psychometric Fits \(Cumulative normal\)}{section.2}% 7
\BOOKMARK [2][-]{subsection.2.2}{RE Polar Performance Plots \(W/ eyetracking vs. No eyetracking\)}{section.2}% 8
\BOOKMARK [2][-]{subsection.2.3}{Quality Control \046 Misc.}{section.2}% 9
\BOOKMARK [1][-]{section.3}{Data}{}% 10
\BOOKMARK [2][-]{subsection.3.1}{FH Psychometric Fits \(Cumulative normal\)}{section.3}% 11
\BOOKMARK [1][-]{section.4}{Data}{}% 12
\BOOKMARK [2][-]{subsection.4.1}{BB Psychometric Fits \(Cumulative normal\)}{section.4}% 13
\BOOKMARK [1][-]{section.5}{Current Goals}{}% 14
\BOOKMARK [1][-]{section.6}{Extending to Plaid Stimuli}{}% 15
\BOOKMARK [1][-]{section.7}{Supplemental Questions}{}% 16
\BOOKMARK [1][-]{section.8}{Updates}{}% 17
\BOOKMARK [1][-]{section.9}{To Do}{}% 18
\BOOKMARK [1][-]{section.10}{Software to Cite}{}% 19
\BOOKMARK [1][-]{section.11}{Supplementary Images}{}% 20
\BOOKMARK [2][-]{subsection.11.1}{FH}{section.11}% 21
\BOOKMARK [2][-]{subsection.11.2}{BB}{section.11}% 22
