\BOOKMARK [1][-]{section.1}{Experiment Description of Pilot 1}{}% 1
\BOOKMARK [2][-]{subsection.1.1}{Parameters}{section.1}% 2
\BOOKMARK [2][-]{subsection.1.2}{Subject Instructions}{section.1}% 3
\BOOKMARK [2][-]{subsection.1.3}{Experimental Design}{section.1}% 4
\BOOKMARK [2][-]{subsection.1.4}{Block sequence}{section.1}% 5
\BOOKMARK [1][-]{section.2}{Subject Data \(Relative motion\)}{}% 6
\BOOKMARK [2][-]{subsection.2.1}{Psychometric Fits}{section.2}% 7
\BOOKMARK [2][-]{subsection.2.2}{Sensitivity Polar Plots: Relative Motion}{section.2}% 8
\BOOKMARK [2][-]{subsection.2.3}{Bias \(absv\) Polar Plots: Relative Motion}{section.2}% 9
\BOOKMARK [1][-]{section.3}{Subject Data \(Absolute motion\)}{}% 10
\BOOKMARK [2][-]{subsection.3.1}{Sensitivity Vector Plots: Absolute Motion}{section.3}% 11
\BOOKMARK [1][-]{section.4}{Group Data \(Relative motion\)}{}% 12
\BOOKMARK [2][-]{subsection.4.1}{Sensitivity Polar Plots: Relative Motion}{section.4}% 13
\BOOKMARK [2][-]{subsection.4.2}{Z-score Sensitivity Polar Plots: Relative Motion}{section.4}% 14
\BOOKMARK [2][-]{subsection.4.3}{Bias \(Abs\) Polar Plots: Relative Motion}{section.4}% 15
\BOOKMARK [2][-]{subsection.4.4}{Z-score Bias Polar Plots: Relative Motion}{section.4}% 16
\BOOKMARK [1][-]{section.5}{Group Data \(Absolute motion\)}{}% 17
\BOOKMARK [2][-]{subsection.5.1}{Sensitivity Polar Plots: Absolute Motion}{section.5}% 18
\BOOKMARK [2][-]{subsection.5.2}{Bias Polar Plots: Absolute Motion}{section.5}% 19
\BOOKMARK [1][-]{section.6}{Supplementary Images: PFs per location}{}% 20
\BOOKMARK [2][-]{subsection.6.1}{RE PFs Per Location}{section.6}% 21
\BOOKMARK [2][-]{subsection.6.2}{FH PFs Per Location}{section.6}% 22
\BOOKMARK [2][-]{subsection.6.3}{BB PFs Per Location}{section.6}% 23
\BOOKMARK [2][-]{subsection.6.4}{PW PFs Per Location}{section.6}% 24
\BOOKMARK [2][-]{subsection.6.5}{NH PFs Per Location}{section.6}% 25
\BOOKMARK [1][-]{section.7}{Supplementary Images: Subject Cartesian Line Plots}{}% 26
\BOOKMARK [2][-]{subsection.7.1}{Sensitivity Cartesian Line Plots: Relative Motion}{section.7}% 27
\BOOKMARK [2][-]{subsection.7.2}{Bias Cartesian Line Plots: Relative Motion}{section.7}% 28
\BOOKMARK [1][-]{section.8}{Supplementary Images: Group Cartesian Line Plots}{}% 29
\BOOKMARK [2][-]{subsection.8.1}{Sensitivity Cartesian Line Plots: Relative Motion}{section.8}% 30
\BOOKMARK [2][-]{subsection.8.2}{Bias Cartesian Line Plots: Relative Motion}{section.8}% 31
\BOOKMARK [1][-]{section.9}{Current Goals}{}% 32
\BOOKMARK [1][-]{section.10}{Incorporating fMRI}{}% 33
\BOOKMARK [2][-]{subsection.10.1}{Goals}{section.10}% 34
\BOOKMARK [2][-]{subsection.10.2}{Runs needed}{section.10}% 35
\BOOKMARK [2][-]{subsection.10.3}{Inverted Encoding Model}{section.10}% 36
\BOOKMARK [1][-]{section.11}{Extending to Plaid Stimuli}{}% 37
\BOOKMARK [1][-]{section.12}{Supplemental Questions}{}% 38
\BOOKMARK [1][-]{section.13}{Updates}{}% 39
\BOOKMARK [1][-]{section.14}{To Do}{}% 40
\BOOKMARK [1][-]{section.15}{Software to Cite}{}% 41
\BOOKMARK [1][-]{section.16}{Data that still needs updating}{}% 42
\BOOKMARK [2][-]{subsection.16.1}{RE Psychometric Fits \(Cardinal/Oblique\)}{section.16}% 43
\BOOKMARK [2][-]{subsection.16.2}{RE Polar Plots Percent Correct \(W/ eyetracking vs. No eyetracking\)}{section.16}% 44
\BOOKMARK [2][-]{subsection.16.3}{Quality Control \046 Misc.}{section.16}% 45
\BOOKMARK [2][-]{subsection.16.4}{FH Psychometric Fits \(Cardinal/Oblique\)}{section.16}% 46
\BOOKMARK [2][-]{subsection.16.5}{BB Psychometric Fits \(Cardinal/Oblique\)}{section.16}% 47
\BOOKMARK [2][-]{subsection.16.6}{Sensitivity Cartesian Bar Plots}{section.16}% 48
\BOOKMARK [2][-]{subsection.16.7}{Bias Cartesian Bar Plots}{section.16}% 49
