This is pdfTeX, Version 3.14159265-2.6-1.40.21 (TeX Live 2020) (preloaded format=pdflatex 2020.4.7)  22 JUN 2021 23:46
entering extended mode
 restricted \write18 enabled.
 file:line:error style messages enabled.
 %&-line parsing enabled.
**RadialBias.tex
(./RadialBias.tex
LaTeX2e <2020-02-02> patch level 5
L3 programming layer <2020-03-06>
(/usr/local/texlive/2020/texmf-dist/tex/latex/base/article.cls
Document Class: article 2019/12/20 v1.4l Standard LaTeX document class
(/usr/local/texlive/2020/texmf-dist/tex/latex/base/size11.clo
File: size11.clo 2019/12/20 v1.4l Standard LaTeX file (size option)
)
\c@part=\count167
\c@section=\count168
\c@subsection=\count169
\c@subsubsection=\count170
\c@paragraph=\count171
\c@subparagraph=\count172
\c@figure=\count173
\c@table=\count174
\abovecaptionskip=\skip47
\belowcaptionskip=\skip48
\bibindent=\dimen134
)
(/usr/local/texlive/2020/texmf-dist/tex/latex/graphics/graphicx.sty
Package: graphicx 2019/11/30 v1.2a Enhanced LaTeX Graphics (DPC,SPQR)

(/usr/local/texlive/2020/texmf-dist/tex/latex/graphics/keyval.sty
Package: keyval 2014/10/28 v1.15 key=value parser (DPC)
\KV@toks@=\toks15
)
(/usr/local/texlive/2020/texmf-dist/tex/latex/graphics/graphics.sty
Package: graphics 2019/11/30 v1.4a Standard LaTeX Graphics (DPC,SPQR)

(/usr/local/texlive/2020/texmf-dist/tex/latex/graphics/trig.sty
Package: trig 2016/01/03 v1.10 sin cos tan (DPC)
)
(/usr/local/texlive/2020/texmf-dist/tex/latex/graphics-cfg/graphics.cfg
File: graphics.cfg 2016/06/04 v1.11 sample graphics configuration
)
Package graphics Info: Driver file: pdftex.def on input line 105.

(/usr/local/texlive/2020/texmf-dist/tex/latex/graphics-def/pdftex.def
File: pdftex.def 2018/01/08 v1.0l Graphics/color driver for pdftex
))
\Gin@req@height=\dimen135
\Gin@req@width=\dimen136
)
(/usr/local/texlive/2020/texmf-dist/tex/latex/float/float.sty
Package: float 2001/11/08 v1.3d Float enhancements (AL)
\c@float@type=\count175
\float@exts=\toks16
\float@box=\box45
\@float@everytoks=\toks17
\@floatcapt=\box46
)
(/usr/local/texlive/2020/texmf-dist/tex/latex/hyperref/hyperref.sty
Package: hyperref 2020/01/14 v7.00d Hypertext links for LaTeX

(/usr/local/texlive/2020/texmf-dist/tex/generic/ltxcmds/ltxcmds.sty
Package: ltxcmds 2019/12/15 v1.24 LaTeX kernel commands for general use (HO)
)
(/usr/local/texlive/2020/texmf-dist/tex/generic/iftex/iftex.sty
Package: iftex 2020/03/06 v1.0d TeX engine tests
)
(/usr/local/texlive/2020/texmf-dist/tex/latex/pdftexcmds/pdftexcmds.sty
Package: pdftexcmds 2019/11/24 v0.31 Utility functions of pdfTeX for LuaTeX (HO
)

(/usr/local/texlive/2020/texmf-dist/tex/generic/infwarerr/infwarerr.sty
Package: infwarerr 2019/12/03 v1.5 Providing info/warning/error messages (HO)
)
Package pdftexcmds Info: \pdf@primitive is available.
Package pdftexcmds Info: \pdf@ifprimitive is available.
Package pdftexcmds Info: \pdfdraftmode found.
)
(/usr/local/texlive/2020/texmf-dist/tex/generic/kvsetkeys/kvsetkeys.sty
Package: kvsetkeys 2019/12/15 v1.18 Key value parser (HO)
)
(/usr/local/texlive/2020/texmf-dist/tex/generic/kvdefinekeys/kvdefinekeys.sty
Package: kvdefinekeys 2019-12-19 v1.6 Define keys (HO)
)
(/usr/local/texlive/2020/texmf-dist/tex/generic/pdfescape/pdfescape.sty
Package: pdfescape 2019/12/09 v1.15 Implements pdfTeX's escape features (HO)
)
(/usr/local/texlive/2020/texmf-dist/tex/latex/hycolor/hycolor.sty
Package: hycolor 2020-01-27 v1.10 Color options for hyperref/bookmark (HO)
)
(/usr/local/texlive/2020/texmf-dist/tex/latex/letltxmacro/letltxmacro.sty
Package: letltxmacro 2019/12/03 v1.6 Let assignment for LaTeX macros (HO)
)
(/usr/local/texlive/2020/texmf-dist/tex/latex/auxhook/auxhook.sty
Package: auxhook 2019-12-17 v1.6 Hooks for auxiliary files (HO)
)
(/usr/local/texlive/2020/texmf-dist/tex/latex/kvoptions/kvoptions.sty
Package: kvoptions 2019/11/29 v3.13 Key value format for package options (HO)
)
\@linkdim=\dimen137
\Hy@linkcounter=\count176
\Hy@pagecounter=\count177

(/usr/local/texlive/2020/texmf-dist/tex/latex/hyperref/pd1enc.def
File: pd1enc.def 2020/01/14 v7.00d Hyperref: PDFDocEncoding definition (HO)
Now handling font encoding PD1 ...
... no UTF-8 mapping file for font encoding PD1
)
(/usr/local/texlive/2020/texmf-dist/tex/generic/intcalc/intcalc.sty
Package: intcalc 2019/12/15 v1.3 Expandable calculations with integers (HO)
)
(/usr/local/texlive/2020/texmf-dist/tex/generic/etexcmds/etexcmds.sty
Package: etexcmds 2019/12/15 v1.7 Avoid name clashes with e-TeX commands (HO)
)
\Hy@SavedSpaceFactor=\count178
Package hyperref Info: Hyper figures OFF on input line 4547.
Package hyperref Info: Link nesting OFF on input line 4552.
Package hyperref Info: Hyper index ON on input line 4555.
Package hyperref Info: Plain pages OFF on input line 4562.
Package hyperref Info: Backreferencing OFF on input line 4567.
Package hyperref Info: Implicit mode ON; LaTeX internals redefined.
Package hyperref Info: Bookmarks ON on input line 4800.
\c@Hy@tempcnt=\count179

(/usr/local/texlive/2020/texmf-dist/tex/latex/url/url.sty
\Urlmuskip=\muskip16
Package: url 2013/09/16  ver 3.4  Verb mode for urls, etc.
)
LaTeX Info: Redefining \url on input line 5159.
\XeTeXLinkMargin=\dimen138

(/usr/local/texlive/2020/texmf-dist/tex/generic/bitset/bitset.sty
Package: bitset 2019/12/09 v1.3 Handle bit-vector datatype (HO)

(/usr/local/texlive/2020/texmf-dist/tex/generic/bigintcalc/bigintcalc.sty
Package: bigintcalc 2019/12/15 v1.5 Expandable calculations on big integers (HO
)
))
\Fld@menulength=\count180
\Field@Width=\dimen139
\Fld@charsize=\dimen140
Package hyperref Info: Hyper figures OFF on input line 6430.
Package hyperref Info: Link nesting OFF on input line 6435.
Package hyperref Info: Hyper index ON on input line 6438.
Package hyperref Info: backreferencing OFF on input line 6445.
Package hyperref Info: Link coloring OFF on input line 6450.
Package hyperref Info: Link coloring with OCG OFF on input line 6455.
Package hyperref Info: PDF/A mode OFF on input line 6460.
LaTeX Info: Redefining \ref on input line 6500.
LaTeX Info: Redefining \pageref on input line 6504.

(/usr/local/texlive/2020/texmf-dist/tex/generic/atbegshi/atbegshi.sty
Package: atbegshi 2019/12/05 v1.19 At begin shipout hook (HO)
)
\Hy@abspage=\count181
\c@Item=\count182
\c@Hfootnote=\count183
)
Package hyperref Info: Driver (autodetected): hpdftex.

(/usr/local/texlive/2020/texmf-dist/tex/latex/hyperref/hpdftex.def
File: hpdftex.def 2020/01/14 v7.00d Hyperref driver for pdfTeX

(/usr/local/texlive/2020/texmf-dist/tex/latex/atveryend/atveryend.sty
Package: atveryend 2019-12-11 v1.11 Hooks at the very end of document (HO)
Package atveryend Info: \enddocument detected (standard20110627).
)
\Fld@listcount=\count184
\c@bookmark@seq@number=\count185

(/usr/local/texlive/2020/texmf-dist/tex/latex/rerunfilecheck/rerunfilecheck.sty
Package: rerunfilecheck 2019/12/05 v1.9 Rerun checks for auxiliary files (HO)

(/usr/local/texlive/2020/texmf-dist/tex/generic/uniquecounter/uniquecounter.sty
Package: uniquecounter 2019/12/15 v1.4 Provide unlimited unique counter (HO)
)
Package uniquecounter Info: New unique counter `rerunfilecheck' on input line 2
86.
)
\Hy@SectionHShift=\skip49
) (/usr/local/texlive/2020/texmf-dist/tex/latex/tools/enumerate.sty
Package: enumerate 2015/07/23 v3.00 enumerate extensions (DPC)
\@enLab=\toks18
)
(/usr/local/texlive/2020/texmf-dist/tex/latex/geometry/geometry.sty
Package: geometry 2020/01/02 v5.9 Page Geometry

(/usr/local/texlive/2020/texmf-dist/tex/generic/iftex/ifvtex.sty
Package: ifvtex 2019/10/25 v1.7 ifvtex legacy package. Use iftex instead.
)
\Gm@cnth=\count186
\Gm@cntv=\count187
\c@Gm@tempcnt=\count188
\Gm@bindingoffset=\dimen141
\Gm@wd@mp=\dimen142
\Gm@odd@mp=\dimen143
\Gm@even@mp=\dimen144
\Gm@layoutwidth=\dimen145
\Gm@layoutheight=\dimen146
\Gm@layouthoffset=\dimen147
\Gm@layoutvoffset=\dimen148
\Gm@dimlist=\toks19
)
(/usr/local/texlive/2020/texmf-dist/tex/latex/tools/tabularx.sty
Package: tabularx 2020/01/15 v2.11c `tabularx' package (DPC)

(/usr/local/texlive/2020/texmf-dist/tex/latex/tools/array.sty
Package: array 2019/08/31 v2.4l Tabular extension package (FMi)
\col@sep=\dimen149
\ar@mcellbox=\box47
\extrarowheight=\dimen150
\NC@list=\toks20
\extratabsurround=\skip50
\backup@length=\skip51
\ar@cellbox=\box48
)
\TX@col@width=\dimen151
\TX@old@table=\dimen152
\TX@old@col=\dimen153
\TX@target=\dimen154
\TX@delta=\dimen155
\TX@cols=\count189
\TX@ftn=\toks21
)
(/usr/local/texlive/2020/texmf-dist/tex/latex/booktabs/booktabs.sty
Package: booktabs 2020/01/12 v1.61803398 Publication quality tables
\heavyrulewidth=\dimen156
\lightrulewidth=\dimen157
\cmidrulewidth=\dimen158
\belowrulesep=\dimen159
\belowbottomsep=\dimen160
\aboverulesep=\dimen161
\abovetopsep=\dimen162
\cmidrulesep=\dimen163
\cmidrulekern=\dimen164
\defaultaddspace=\dimen165
\@cmidla=\count190
\@cmidlb=\count191
\@aboverulesep=\dimen166
\@belowrulesep=\dimen167
\@thisruleclass=\count192
\@lastruleclass=\count193
\@thisrulewidth=\dimen168
)
(/usr/local/texlive/2020/texmf-dist/tex/latex/amsmath/amsmath.sty
Package: amsmath 2020/01/20 v2.17e AMS math features
\@mathmargin=\skip52

For additional information on amsmath, use the `?' option.
(/usr/local/texlive/2020/texmf-dist/tex/latex/amsmath/amstext.sty
Package: amstext 2000/06/29 v2.01 AMS text

(/usr/local/texlive/2020/texmf-dist/tex/latex/amsmath/amsgen.sty
File: amsgen.sty 1999/11/30 v2.0 generic functions
\@emptytoks=\toks22
\ex@=\dimen169
))
(/usr/local/texlive/2020/texmf-dist/tex/latex/amsmath/amsbsy.sty
Package: amsbsy 1999/11/29 v1.2d Bold Symbols
\pmbraise@=\dimen170
)
(/usr/local/texlive/2020/texmf-dist/tex/latex/amsmath/amsopn.sty
Package: amsopn 2016/03/08 v2.02 operator names
)
\inf@bad=\count194
LaTeX Info: Redefining \frac on input line 227.
\uproot@=\count195
\leftroot@=\count196
LaTeX Info: Redefining \overline on input line 389.
\classnum@=\count197
\DOTSCASE@=\count198
LaTeX Info: Redefining \ldots on input line 486.
LaTeX Info: Redefining \dots on input line 489.
LaTeX Info: Redefining \cdots on input line 610.
\Mathstrutbox@=\box49
\strutbox@=\box50
\big@size=\dimen171
LaTeX Font Info:    Redeclaring font encoding OML on input line 733.
LaTeX Font Info:    Redeclaring font encoding OMS on input line 734.
\macc@depth=\count199
\c@MaxMatrixCols=\count266
\dotsspace@=\muskip17
\c@parentequation=\count267
\dspbrk@lvl=\count268
\tag@help=\toks23
\row@=\count269
\column@=\count270
\maxfields@=\count271
\andhelp@=\toks24
\eqnshift@=\dimen172
\alignsep@=\dimen173
\tagshift@=\dimen174
\tagwidth@=\dimen175
\totwidth@=\dimen176
\lineht@=\dimen177
\@envbody=\toks25
\multlinegap=\skip53
\multlinetaggap=\skip54
\mathdisplay@stack=\toks26
LaTeX Info: Redefining \[ on input line 2859.
LaTeX Info: Redefining \] on input line 2860.
)
(/usr/local/texlive/2020/texmf-dist/tex/latex/mhchem/mhchem.sty
Package: mhchem 2018/06/22 v4.08 for typesetting chemical formulae

(/usr/local/texlive/2020/texmf-dist/tex/latex/l3kernel/expl3.sty
Package: expl3 2020-03-06 L3 programming layer (loader) 

(/usr/local/texlive/2020/texmf-dist/tex/latex/l3backend/l3backend-pdfmode.def
File: l3backend-pdfmode.def 2020-03-12 L3 backend support: PDF mode
\l__kernel_color_stack_int=\count272
\l__pdf_internal_box=\box51
)) (/usr/local/texlive/2020/texmf-dist/tex/latex/l3packages/l3keys2e/l3keys2e.s
ty
Package: l3keys2e 2020-03-06 LaTeX2e option processing using LaTeX3 keys
) (/usr/local/texlive/2020/texmf-dist/tex/latex/tools/calc.sty
Package: calc 2017/05/25 v4.3 Infix arithmetic (KKT,FJ)
\calc@Acount=\count273
\calc@Bcount=\count274
\calc@Adimen=\dimen178
\calc@Bdimen=\dimen179
\calc@Askip=\skip55
\calc@Bskip=\skip56
LaTeX Info: Redefining \setlength on input line 80.
LaTeX Info: Redefining \addtolength on input line 81.
\calc@Ccount=\count275
\calc@Cskip=\skip57
)
(/usr/local/texlive/2020/texmf-dist/tex/latex/chemgreek/chemgreek.sty
(/usr/local/texlive/2020/texmf-dist/tex/latex/l3packages/xparse/xparse.sty
Package: xparse 2020-03-06 L3 Experimental document command parser
\l__xparse_current_arg_int=\count276
\g__xparse_grabber_int=\count277
\l__xparse_m_args_int=\count278
\l__xparse_v_nesting_int=\count279
)
Package: chemgreek 2020/01/16 v1.1a interface for upright Greek letters for use
 in chemistry (CN)
\l__chemgreek_tmpa_int=\count280
\g__chemgreek_tmpa_int=\count281
)
\l__mhchem_ce_distanceFromLastComma_int=\count282
\__mhchem_arrow_extPgfLength_skip=\skip58
\mhchem@minispace@tmp=\skip59
\mhchem@minibackspace@tmp=\skip60
\mhchem@bondwidth=\skip61
\mhchem@bondheight=\skip62
\mhchem@smallbondwidth@tmpA=\skip63
\mhchem@smallbondwidth@tmpB=\skip64
\mhchem@smallbondwidth=\skip65
\mhchem@bondtmp@minussidebearingleft=\skip66
\mhchem@bondtmp@minussidebearingright=\skip67
\l__mhchem_option_version_int=\count283
\mhchem@option@minusmathsidebearingleft=\dimen180
\mhchem@option@minusmathsidebearingright=\dimen181
\mhchem@option@minustextsidebearingleft=\dimen182
\mhchem@option@minustextsidebearingright=\dimen183
)
(/usr/local/texlive/2020/texmf-dist/tex/latex/siunitx/siunitx.sty
Package: siunitx 2020/02/25 v2.8b A comprehensive (SI) units package
\l__siunitx_tmp_box=\box52
\l__siunitx_tmp_dim=\dimen184
\l__siunitx_tmp_int=\count284
\l__siunitx_number_mantissa_length_int=\count285
\l__siunitx_number_uncert_length_int=\count286
\l__siunitx_round_int=\count287
\l__siunitx_process_decimal_int=\count288
\l__siunitx_process_uncertainty_int=\count289
\l__siunitx_process_fixed_int=\count290
\l__siunitx_process_integer_min_int=\count291
\l__siunitx_process_precision_int=\count292
\l__siunitx_group_min_int=\count293
\l__siunitx_angle_marker_box=\box53
\l__siunitx_angle_unit_box=\box54
\l__siunitx_angle_marker_dim=\dimen185
\l__siunitx_angle_unit_dim=\dimen186
\l__siunitx_unit_int=\count294
\l__siunitx_unit_denominator_int=\count295
\l__siunitx_unit_numerator_int=\count296
\l__siunitx_unit_prefix_int=\count297
\l__siunitx_unit_prefix_base_int=\count298
\l__siunitx_unit_prefix_gram_int=\count299
\l__siunitx_number_product_int=\count300
\c__siunitx_one_fill_skip=\skip68
\l__siunitx_table_unit_align_skip=\skip69
\l__siunitx_table_exponent_dim=\dimen187
\l__siunitx_table_integer_dim=\dimen188
\l__siunitx_table_mantissa_dim=\dimen189
\l__siunitx_table_marker_dim=\dimen190
\l__siunitx_table_result_dim=\dimen191
\l__siunitx_table_uncert_dim=\dimen192
\l__siunitx_table_fill_pre_dim=\dimen193
\l__siunitx_table_fill_post_dim=\dimen194
\l__siunitx_table_fill_mid_dim=\dimen195
\l__siunitx_table_pre_box=\box55
\l__siunitx_table_post_box=\box56
\l__siunitx_table_mantissa_box=\box57
\l__siunitx_table_result_box=\box58
\l__siunitx_table_number_align_skip=\skip70
\l__siunitx_table_text_align_skip=\skip71

(/usr/local/texlive/2020/texmf-dist/tex/latex/translator/translator.sty
Package: translator 2019-05-31 v1.12a Easy translation of strings in LaTeX
))
(/usr/local/texlive/2020/texmf-dist/tex/latex/amsfonts/amssymb.sty
Package: amssymb 2013/01/14 v3.01 AMS font symbols

(/usr/local/texlive/2020/texmf-dist/tex/latex/amsfonts/amsfonts.sty
Package: amsfonts 2013/01/14 v3.01 Basic AMSFonts support
\symAMSa=\mathgroup4
\symAMSb=\mathgroup5
LaTeX Font Info:    Redeclaring math symbol \hbar on input line 98.
LaTeX Font Info:    Overwriting math alphabet `\mathfrak' in version `bold'
(Font)                  U/euf/m/n --> U/euf/b/n on input line 106.
))
(./RadialBias.aux)
\openout1 = `RadialBias.aux'.

LaTeX Font Info:    Checking defaults for OML/cmm/m/it on input line 32.
LaTeX Font Info:    ... okay on input line 32.
LaTeX Font Info:    Checking defaults for OMS/cmsy/m/n on input line 32.
LaTeX Font Info:    ... okay on input line 32.
LaTeX Font Info:    Checking defaults for OT1/cmr/m/n on input line 32.
LaTeX Font Info:    ... okay on input line 32.
LaTeX Font Info:    Checking defaults for T1/cmr/m/n on input line 32.
LaTeX Font Info:    ... okay on input line 32.
LaTeX Font Info:    Checking defaults for TS1/cmr/m/n on input line 32.
LaTeX Font Info:    ... okay on input line 32.
LaTeX Font Info:    Checking defaults for OMX/cmex/m/n on input line 32.
LaTeX Font Info:    ... okay on input line 32.
LaTeX Font Info:    Checking defaults for U/cmr/m/n on input line 32.
LaTeX Font Info:    ... okay on input line 32.
LaTeX Font Info:    Checking defaults for PD1/pdf/m/n on input line 32.
LaTeX Font Info:    ... okay on input line 32.

(/usr/local/texlive/2020/texmf-dist/tex/context/base/mkii/supp-pdf.mkii
[Loading MPS to PDF converter (version 2006.09.02).]
\scratchcounter=\count301
\scratchdimen=\dimen196
\scratchbox=\box59
\nofMPsegments=\count302
\nofMParguments=\count303
\everyMPshowfont=\toks27
\MPscratchCnt=\count304
\MPscratchDim=\dimen197
\MPnumerator=\count305
\makeMPintoPDFobject=\count306
\everyMPtoPDFconversion=\toks28
) (/usr/local/texlive/2020/texmf-dist/tex/latex/epstopdf-pkg/epstopdf-base.sty
Package: epstopdf-base 2020-01-24 v2.11 Base part for package epstopdf
Package epstopdf-base Info: Redefining graphics rule for `.eps' on input line 4
85.

(/usr/local/texlive/2020/texmf-dist/tex/latex/latexconfig/epstopdf-sys.cfg
File: epstopdf-sys.cfg 2010/07/13 v1.3 Configuration of (r)epstopdf for TeX Liv
e
))
\AtBeginShipoutBox=\box60
Package hyperref Info: Link coloring OFF on input line 32.

(/usr/local/texlive/2020/texmf-dist/tex/latex/hyperref/nameref.sty
Package: nameref 2019/09/16 v2.46 Cross-referencing by name of section

(/usr/local/texlive/2020/texmf-dist/tex/latex/refcount/refcount.sty
Package: refcount 2019/12/15 v3.6 Data extraction from label references (HO)
)
(/usr/local/texlive/2020/texmf-dist/tex/generic/gettitlestring/gettitlestring.s
ty
Package: gettitlestring 2019/12/15 v1.6 Cleanup title references (HO)
)
\c@section@level=\count307
)
LaTeX Info: Redefining \ref on input line 32.
LaTeX Info: Redefining \pageref on input line 32.
LaTeX Info: Redefining \nameref on input line 32.
 (./RadialBias.out) (./RadialBias.out)
\@outlinefile=\write3
\openout3 = `RadialBias.out'.


*geometry* driver: auto-detecting
*geometry* detected driver: pdftex
*geometry* verbose mode - [ preamble ] result:
* driver: pdftex
* paper: <default>
* layout: <same size as paper>
* layoutoffset:(h,v)=(0.0pt,0.0pt)
* modes: 
* h-part:(L,W,R)=(28.45274pt, 557.38951pt, 28.45274pt)
* v-part:(T,H,B)=(28.45274pt, 738.0645pt, 28.45274pt)
* \paperwidth=614.295pt
* \paperheight=794.96999pt
* \textwidth=469.75499pt
* \textheight=650.43pt
* \oddsidemargin=0.0pt
* \evensidemargin=-43.81725pt
* \topmargin=-36.135pt
* \headheight=12.0pt
* \headsep=25.0pt
* \topskip=11.0pt
* \footskip=30.0pt
* \marginparwidth=59.0pt
* \marginparsep=10.0pt
* \columnsep=10.0pt
* \skip\footins=10.0pt plus 4.0pt minus 2.0pt
* \hoffset=0.0pt
* \voffset=0.0pt
* \mag=1000
* \@twocolumnfalse
* \@twosidefalse
* \@mparswitchfalse
* \@reversemarginfalse
* (1in=72.27pt=25.4mm, 1cm=28.453pt)


Package chemgreek Info: Activating mapping `default' on line 32.


(/usr/local/texlive/2020/texmf-dist/tex/latex/translator/translator-basic-dicti
onary-English.dict
Dictionary: translator-basic-dictionary, Language: English 
)
(/usr/local/texlive/2020/texmf-dist/tex/latex/siunitx/siunitx-abbreviations.cfg
File: siunitx-abbreviations.cfg 2017/11/26 v2.7k siunitx: Abbreviated units
)
LaTeX Font Info:    Trying to load font information for U+msa on input line 32.

 (/usr/local/texlive/2020/texmf-dist/tex/latex/amsfonts/umsa.fd
File: umsa.fd 2013/01/14 v3.01 AMS symbols A
)
LaTeX Font Info:    Trying to load font information for U+msb on input line 32.


(/usr/local/texlive/2020/texmf-dist/tex/latex/amsfonts/umsb.fd
File: umsb.fd 2013/01/14 v3.01 AMS symbols B
)
(./RadialBias.toc [1

{/usr/local/texlive/2020/texmf-var/fonts/map/pdftex/updmap/pdftex.map}])
\tf@toc=\write4
\openout4 = `RadialBias.toc'.

 [2]
<Images/Radial_sequence.png, id=201, 712.6625pt x 326.21875pt>
File: Images/Radial_sequence.png Graphic file (type png)
<use Images/Radial_sequence.png>
Package pdftex.def Info: Images/Radial_sequence.png  used on input line 75.
(pdftex.def)             Requested size: 285.05995pt x 130.48518pt.
<Images/Tang_sequence.png, id=203, 714.67pt x 326.21875pt>
File: Images/Tang_sequence.png Graphic file (type png)
<use Images/Tang_sequence.png>
Package pdftex.def Info: Images/Tang_sequence.png  used on input line 77.
(pdftex.def)             Requested size: 285.86293pt x 130.48518pt.
<Images/Blocks.png, id=204, 539.01375pt x 295.1025pt>
File: Images/Blocks.png Graphic file (type png)
<use Images/Blocks.png>
Package pdftex.def Info: Images/Blocks.png  used on input line 86.
(pdftex.def)             Requested size: 215.60167pt x 118.0389pt.
 [3 <./Images/Radial_sequence.png> <./Images/Tang_sequence.png> <./Images/Block
s.png>] [4]
<Images/RE_PF_Alldata_4conds.png, id=225, 1445.4pt x 755.9442pt>
File: Images/RE_PF_Alldata_4conds.png Graphic file (type png)
<use Images/RE_PF_Alldata_4conds.png>
Package pdftex.def Info: Images/RE_PF_Alldata_4conds.png  used on input line 11
1.
(pdftex.def)             Requested size: 231.26872pt x 120.95354pt.
<Images/RE_PF_Alldata_2conds.png, id=226, 1445.4pt x 755.9442pt>
File: Images/RE_PF_Alldata_2conds.png Graphic file (type png)
<use Images/RE_PF_Alldata_2conds.png>
Package pdftex.def Info: Images/RE_PF_Alldata_2conds.png  used on input line 11
2.
(pdftex.def)             Requested size: 231.26872pt x 120.95354pt.
<Images/FH_PF_Alldata_4conds.png, id=227, 1445.4pt x 755.9442pt>
File: Images/FH_PF_Alldata_4conds.png Graphic file (type png)
<use Images/FH_PF_Alldata_4conds.png>
Package pdftex.def Info: Images/FH_PF_Alldata_4conds.png  used on input line 11
7.
(pdftex.def)             Requested size: 231.26872pt x 120.95354pt.
<Images/FH_PF_Alldata_2conds.png, id=228, 1445.4pt x 755.9442pt>
File: Images/FH_PF_Alldata_2conds.png Graphic file (type png)
<use Images/FH_PF_Alldata_2conds.png>
Package pdftex.def Info: Images/FH_PF_Alldata_2conds.png  used on input line 11
8.
(pdftex.def)             Requested size: 231.26872pt x 120.95354pt.
<Images/BB_PF_Alldata_4conds.png, id=229, 1445.4pt x 755.9442pt>
File: Images/BB_PF_Alldata_4conds.png Graphic file (type png)
<use Images/BB_PF_Alldata_4conds.png>
Package pdftex.def Info: Images/BB_PF_Alldata_4conds.png  used on input line 12
3.
(pdftex.def)             Requested size: 231.26872pt x 120.95354pt.
<Images/BB_PF_Alldata_2conds.png, id=230, 1445.4pt x 755.9442pt>
File: Images/BB_PF_Alldata_2conds.png Graphic file (type png)
<use Images/BB_PF_Alldata_2conds.png>
Package pdftex.def Info: Images/BB_PF_Alldata_2conds.png  used on input line 12
4.
(pdftex.def)             Requested size: 231.26872pt x 120.95354pt.
 [5 <./Images/RE_PF_Alldata_4conds.png (PNG copy)> <./Images/RE_PF_Alldata_2con
ds.png (PNG copy)> <./Images/FH_PF_Alldata_4conds.png (PNG copy)> <./Images/FH_
PF_Alldata_2conds.png (PNG copy)> <./Images/BB_PF_Alldata_4conds.png (PNG copy)
> <./Images/BB_PF_Alldata_2conds.png (PNG copy)>]
<Images/RE_PP_sensitivity_Alldata_4conds.png, id=238, 562.2606pt x 421.575pt>
File: Images/RE_PP_sensitivity_Alldata_4conds.png Graphic file (type png)
<use Images/RE_PP_sensitivity_Alldata_4conds.png>
Package pdftex.def Info: Images/RE_PP_sensitivity_Alldata_4conds.png  used on i
nput line 132.
(pdftex.def)             Requested size: 196.79416pt x 147.55345pt.
<Images/RE_PP_sensitivity_Alldata_2conds.png, id=239, 562.2606pt x 421.575pt>
File: Images/RE_PP_sensitivity_Alldata_2conds.png Graphic file (type png)
<use Images/RE_PP_sensitivity_Alldata_2conds.png>
Package pdftex.def Info: Images/RE_PP_sensitivity_Alldata_2conds.png  used on i
nput line 133.
(pdftex.def)             Requested size: 196.79416pt x 147.55345pt.
<Images/FH_PP_sensitivity_Alldata_4conds.png, id=240, 562.2606pt x 421.575pt>
File: Images/FH_PP_sensitivity_Alldata_4conds.png Graphic file (type png)
<use Images/FH_PP_sensitivity_Alldata_4conds.png>
Package pdftex.def Info: Images/FH_PP_sensitivity_Alldata_4conds.png  used on i
nput line 137.
(pdftex.def)             Requested size: 196.79416pt x 147.55345pt.
<Images/FH_PP_sensitivity_Alldata_2conds.png, id=241, 562.2606pt x 421.575pt>
File: Images/FH_PP_sensitivity_Alldata_2conds.png Graphic file (type png)
<use Images/FH_PP_sensitivity_Alldata_2conds.png>
Package pdftex.def Info: Images/FH_PP_sensitivity_Alldata_2conds.png  used on i
nput line 138.
(pdftex.def)             Requested size: 196.79416pt x 147.55345pt.
<Images/BB_PP_sensitivity_Alldata_4conds.png, id=242, 562.2606pt x 421.575pt>
File: Images/BB_PP_sensitivity_Alldata_4conds.png Graphic file (type png)
<use Images/BB_PP_sensitivity_Alldata_4conds.png>
Package pdftex.def Info: Images/BB_PP_sensitivity_Alldata_4conds.png  used on i
nput line 142.
(pdftex.def)             Requested size: 196.79416pt x 147.55345pt.
<Images/BB_PP_sensitivity_Alldata_2conds.png, id=243, 562.2606pt x 421.575pt>
File: Images/BB_PP_sensitivity_Alldata_2conds.png Graphic file (type png)
<use Images/BB_PP_sensitivity_Alldata_2conds.png>
Package pdftex.def Info: Images/BB_PP_sensitivity_Alldata_2conds.png  used on i
nput line 143.
(pdftex.def)             Requested size: 196.79416pt x 147.55345pt.

[6 <./Images/RE_PP_sensitivity_Alldata_4conds.png (PNG copy)> <./Images/RE_PP_s
ensitivity_Alldata_2conds.png (PNG copy)> <./Images/FH_PP_sensitivity_Alldata_4
conds.png (PNG copy)> <./Images/FH_PP_sensitivity_Alldata_2conds.png (PNG copy)
> <./Images/BB_PP_sensitivity_Alldata_4conds.png (PNG copy)> <./Images/BB_PP_se
nsitivity_Alldata_2conds.png (PNG copy)>]
<Images/RE_BP_sensitivity_Alldata_4conds.png, id=249, 562.2606pt x 421.575pt>
File: Images/RE_BP_sensitivity_Alldata_4conds.png Graphic file (type png)
<use Images/RE_BP_sensitivity_Alldata_4conds.png>
Package pdftex.def Info: Images/RE_BP_sensitivity_Alldata_4conds.png  used on i
nput line 151.
(pdftex.def)             Requested size: 196.79416pt x 147.55345pt.
<Images/RE_BP_sensitivity_Alldata_2conds.png, id=250, 562.2606pt x 421.575pt>
File: Images/RE_BP_sensitivity_Alldata_2conds.png Graphic file (type png)
<use Images/RE_BP_sensitivity_Alldata_2conds.png>
Package pdftex.def Info: Images/RE_BP_sensitivity_Alldata_2conds.png  used on i
nput line 152.
(pdftex.def)             Requested size: 196.79416pt x 147.55345pt.
<Images/FH_BP_sensitivity_Alldata_4conds.png, id=251, 562.2606pt x 421.575pt>
File: Images/FH_BP_sensitivity_Alldata_4conds.png Graphic file (type png)
<use Images/FH_BP_sensitivity_Alldata_4conds.png>
Package pdftex.def Info: Images/FH_BP_sensitivity_Alldata_4conds.png  used on i
nput line 156.
(pdftex.def)             Requested size: 196.79416pt x 147.55345pt.
<Images/FH_BP_sensitivity_Alldata_2conds.png, id=252, 562.2606pt x 421.575pt>
File: Images/FH_BP_sensitivity_Alldata_2conds.png Graphic file (type png)
<use Images/FH_BP_sensitivity_Alldata_2conds.png>
Package pdftex.def Info: Images/FH_BP_sensitivity_Alldata_2conds.png  used on i
nput line 157.
(pdftex.def)             Requested size: 196.79416pt x 147.55345pt.
<Images/BB_BP_sensitivity_Alldata_4conds.png, id=253, 562.2606pt x 421.575pt>
File: Images/BB_BP_sensitivity_Alldata_4conds.png Graphic file (type png)
<use Images/BB_BP_sensitivity_Alldata_4conds.png>
Package pdftex.def Info: Images/BB_BP_sensitivity_Alldata_4conds.png  used on i
nput line 161.
(pdftex.def)             Requested size: 196.79416pt x 147.55345pt.
<Images/BB_BP_sensitivity_Alldata_2conds.png, id=254, 562.2606pt x 421.575pt>
File: Images/BB_BP_sensitivity_Alldata_2conds.png Graphic file (type png)
<use Images/BB_BP_sensitivity_Alldata_2conds.png>
Package pdftex.def Info: Images/BB_BP_sensitivity_Alldata_2conds.png  used on i
nput line 162.
(pdftex.def)             Requested size: 196.79416pt x 147.55345pt.
 [7 <./Images/RE_BP_sensitivity_Alldata_4conds.png (PNG copy)> <./Images/RE_BP_
sensitivity_Alldata_2conds.png (PNG copy)> <./Images/FH_BP_sensitivity_Alldata_
4conds.png (PNG copy)> <./Images/FH_BP_sensitivity_Alldata_2conds.png (PNG copy
)> <./Images/BB_BP_sensitivity_Alldata_4conds.png (PNG copy)> <./Images/BB_BP_s
ensitivity_Alldata_2conds.png (PNG copy)>]
<Images/RE_LP_sensitivity_Alldata_4conds.png, id=261, 562.2606pt x 421.575pt>
File: Images/RE_LP_sensitivity_Alldata_4conds.png Graphic file (type png)
<use Images/RE_LP_sensitivity_Alldata_4conds.png>
Package pdftex.def Info: Images/RE_LP_sensitivity_Alldata_4conds.png  used on i
nput line 170.
(pdftex.def)             Requested size: 196.79416pt x 147.55345pt.
<Images/RE_LP_sensitivity_Alldata_2conds.png, id=262, 562.2606pt x 421.575pt>
File: Images/RE_LP_sensitivity_Alldata_2conds.png Graphic file (type png)
<use Images/RE_LP_sensitivity_Alldata_2conds.png>
Package pdftex.def Info: Images/RE_LP_sensitivity_Alldata_2conds.png  used on i
nput line 171.
(pdftex.def)             Requested size: 196.79416pt x 147.55345pt.
<Images/FH_LP_sensitivity_Alldata_4conds.png, id=263, 562.2606pt x 421.575pt>
File: Images/FH_LP_sensitivity_Alldata_4conds.png Graphic file (type png)
<use Images/FH_LP_sensitivity_Alldata_4conds.png>
Package pdftex.def Info: Images/FH_LP_sensitivity_Alldata_4conds.png  used on i
nput line 175.
(pdftex.def)             Requested size: 196.79416pt x 147.55345pt.
<Images/FH_LP_sensitivity_Alldata_2conds.png, id=264, 562.2606pt x 421.575pt>
File: Images/FH_LP_sensitivity_Alldata_2conds.png Graphic file (type png)
<use Images/FH_LP_sensitivity_Alldata_2conds.png>
Package pdftex.def Info: Images/FH_LP_sensitivity_Alldata_2conds.png  used on i
nput line 176.
(pdftex.def)             Requested size: 196.79416pt x 147.55345pt.
<Images/BB_LP_sensitivity_Alldata_4conds.png, id=265, 562.2606pt x 421.575pt>
File: Images/BB_LP_sensitivity_Alldata_4conds.png Graphic file (type png)
<use Images/BB_LP_sensitivity_Alldata_4conds.png>
Package pdftex.def Info: Images/BB_LP_sensitivity_Alldata_4conds.png  used on i
nput line 180.
(pdftex.def)             Requested size: 196.79416pt x 147.55345pt.
<Images/BB_LP_sensitivity_Alldata_2conds.png, id=266, 562.2606pt x 421.575pt>
File: Images/BB_LP_sensitivity_Alldata_2conds.png Graphic file (type png)
<use Images/BB_LP_sensitivity_Alldata_2conds.png>
Package pdftex.def Info: Images/BB_LP_sensitivity_Alldata_2conds.png  used on i
nput line 181.
(pdftex.def)             Requested size: 196.79416pt x 147.55345pt.
 [8 <./Images/RE_LP_sensitivity_Alldata_4conds.png (PNG copy)> <./Images/RE_LP_
sensitivity_Alldata_2conds.png (PNG copy)> <./Images/FH_LP_sensitivity_Alldata_
4conds.png (PNG copy)> <./Images/FH_LP_sensitivity_Alldata_2conds.png (PNG copy
)> <./Images/BB_LP_sensitivity_Alldata_4conds.png (PNG copy)> <./Images/BB_LP_s
ensitivity_Alldata_2conds.png (PNG copy)>]
<Images/RE_PP_bias_Alldata_4conds.png, id=272, 562.2606pt x 421.575pt>
File: Images/RE_PP_bias_Alldata_4conds.png Graphic file (type png)
<use Images/RE_PP_bias_Alldata_4conds.png>
Package pdftex.def Info: Images/RE_PP_bias_Alldata_4conds.png  used on input li
ne 189.
(pdftex.def)             Requested size: 196.79416pt x 147.55345pt.
<Images/RE_PP_bias_Alldata_2conds.png, id=273, 562.2606pt x 421.575pt>
File: Images/RE_PP_bias_Alldata_2conds.png Graphic file (type png)
<use Images/RE_PP_bias_Alldata_2conds.png>
Package pdftex.def Info: Images/RE_PP_bias_Alldata_2conds.png  used on input li
ne 190.
(pdftex.def)             Requested size: 196.79416pt x 147.55345pt.
<Images/FH_PP_bias_Alldata_4conds.png, id=274, 562.2606pt x 421.575pt>
File: Images/FH_PP_bias_Alldata_4conds.png Graphic file (type png)
<use Images/FH_PP_bias_Alldata_4conds.png>
Package pdftex.def Info: Images/FH_PP_bias_Alldata_4conds.png  used on input li
ne 194.
(pdftex.def)             Requested size: 196.79416pt x 147.55345pt.
<Images/FH_PP_bias_Alldata_2conds.png, id=275, 562.2606pt x 421.575pt>
File: Images/FH_PP_bias_Alldata_2conds.png Graphic file (type png)
<use Images/FH_PP_bias_Alldata_2conds.png>
Package pdftex.def Info: Images/FH_PP_bias_Alldata_2conds.png  used on input li
ne 195.
(pdftex.def)             Requested size: 196.79416pt x 147.55345pt.
<Images/BB_PP_bias_Alldata_4conds.png, id=276, 562.2606pt x 421.575pt>
File: Images/BB_PP_bias_Alldata_4conds.png Graphic file (type png)
<use Images/BB_PP_bias_Alldata_4conds.png>
Package pdftex.def Info: Images/BB_PP_bias_Alldata_4conds.png  used on input li
ne 199.
(pdftex.def)             Requested size: 196.79416pt x 147.55345pt.
<Images/BB_PP_bias_Alldata_2conds.png, id=277, 562.2606pt x 421.575pt>
File: Images/BB_PP_bias_Alldata_2conds.png Graphic file (type png)
<use Images/BB_PP_bias_Alldata_2conds.png>
Package pdftex.def Info: Images/BB_PP_bias_Alldata_2conds.png  used on input li
ne 200.
(pdftex.def)             Requested size: 196.79416pt x 147.55345pt.
 [9 <./Images/RE_PP_bias_Alldata_4conds.png (PNG copy)> <./Images/RE_PP_bias_Al
ldata_2conds.png (PNG copy)> <./Images/FH_PP_bias_Alldata_4conds.png (PNG copy)
> <./Images/FH_PP_bias_Alldata_2conds.png (PNG copy)> <./Images/BB_PP_bias_Alld
ata_4conds.png (PNG copy)> <./Images/BB_PP_bias_Alldata_2conds.png (PNG copy)>]
<Images/RE_BP_bias_Alldata_4conds.png, id=283, 562.2606pt x 421.575pt>
File: Images/RE_BP_bias_Alldata_4conds.png Graphic file (type png)
<use Images/RE_BP_bias_Alldata_4conds.png>
Package pdftex.def Info: Images/RE_BP_bias_Alldata_4conds.png  used on input li
ne 208.
(pdftex.def)             Requested size: 196.79416pt x 147.55345pt.
<Images/RE_BP_bias_Alldata_2conds.png, id=284, 562.2606pt x 421.575pt>
File: Images/RE_BP_bias_Alldata_2conds.png Graphic file (type png)
<use Images/RE_BP_bias_Alldata_2conds.png>
Package pdftex.def Info: Images/RE_BP_bias_Alldata_2conds.png  used on input li
ne 209.
(pdftex.def)             Requested size: 196.79416pt x 147.55345pt.
<Images/FH_BP_bias_Alldata_4conds.png, id=285, 562.2606pt x 421.575pt>
File: Images/FH_BP_bias_Alldata_4conds.png Graphic file (type png)
<use Images/FH_BP_bias_Alldata_4conds.png>
Package pdftex.def Info: Images/FH_BP_bias_Alldata_4conds.png  used on input li
ne 213.
(pdftex.def)             Requested size: 196.79416pt x 147.55345pt.
<Images/FH_BP_bias_Alldata_2conds.png, id=286, 562.2606pt x 421.575pt>
File: Images/FH_BP_bias_Alldata_2conds.png Graphic file (type png)
<use Images/FH_BP_bias_Alldata_2conds.png>
Package pdftex.def Info: Images/FH_BP_bias_Alldata_2conds.png  used on input li
ne 214.
(pdftex.def)             Requested size: 196.79416pt x 147.55345pt.
<Images/BB_BP_bias_Alldata_4conds.png, id=287, 562.2606pt x 421.575pt>
File: Images/BB_BP_bias_Alldata_4conds.png Graphic file (type png)
<use Images/BB_BP_bias_Alldata_4conds.png>
Package pdftex.def Info: Images/BB_BP_bias_Alldata_4conds.png  used on input li
ne 218.
(pdftex.def)             Requested size: 196.79416pt x 147.55345pt.
<Images/BB_BP_bias_Alldata_2conds.png, id=288, 562.2606pt x 421.575pt>
File: Images/BB_BP_bias_Alldata_2conds.png Graphic file (type png)
<use Images/BB_BP_bias_Alldata_2conds.png>
Package pdftex.def Info: Images/BB_BP_bias_Alldata_2conds.png  used on input li
ne 219.
(pdftex.def)             Requested size: 196.79416pt x 147.55345pt.
 [10 <./Images/RE_BP_bias_Alldata_4conds.png (PNG copy)> <./Images/RE_BP_bias_A
lldata_2conds.png (PNG copy)> <./Images/FH_BP_bias_Alldata_4conds.png (PNG copy
)> <./Images/FH_BP_bias_Alldata_2conds.png (PNG copy)> <./Images/BB_BP_bias_All
data_4conds.png (PNG copy)> <./Images/BB_BP_bias_Alldata_2conds.png (PNG copy)>
]
<Images/RE_LP_bias_Alldata_4conds.png, id=294, 562.2606pt x 421.575pt>
File: Images/RE_LP_bias_Alldata_4conds.png Graphic file (type png)
<use Images/RE_LP_bias_Alldata_4conds.png>
Package pdftex.def Info: Images/RE_LP_bias_Alldata_4conds.png  used on input li
ne 227.
(pdftex.def)             Requested size: 196.79416pt x 147.55345pt.
<Images/RE_LP_bias_Alldata_2conds.png, id=295, 562.2606pt x 421.575pt>
File: Images/RE_LP_bias_Alldata_2conds.png Graphic file (type png)
<use Images/RE_LP_bias_Alldata_2conds.png>
Package pdftex.def Info: Images/RE_LP_bias_Alldata_2conds.png  used on input li
ne 228.
(pdftex.def)             Requested size: 196.79416pt x 147.55345pt.
<Images/FH_LP_bias_Alldata_4conds.png, id=296, 562.2606pt x 421.575pt>
File: Images/FH_LP_bias_Alldata_4conds.png Graphic file (type png)
<use Images/FH_LP_bias_Alldata_4conds.png>
Package pdftex.def Info: Images/FH_LP_bias_Alldata_4conds.png  used on input li
ne 232.
(pdftex.def)             Requested size: 196.79416pt x 147.55345pt.
<Images/FH_LP_bias_Alldata_2conds.png, id=297, 562.2606pt x 421.575pt>
File: Images/FH_LP_bias_Alldata_2conds.png Graphic file (type png)
<use Images/FH_LP_bias_Alldata_2conds.png>
Package pdftex.def Info: Images/FH_LP_bias_Alldata_2conds.png  used on input li
ne 233.
(pdftex.def)             Requested size: 196.79416pt x 147.55345pt.
<Images/BB_LP_bias_Alldata_4conds.png, id=298, 562.2606pt x 421.575pt>
File: Images/BB_LP_bias_Alldata_4conds.png Graphic file (type png)
<use Images/BB_LP_bias_Alldata_4conds.png>
Package pdftex.def Info: Images/BB_LP_bias_Alldata_4conds.png  used on input li
ne 237.
(pdftex.def)             Requested size: 196.79416pt x 147.55345pt.
<Images/BB_LP_bias_Alldata_2conds.png, id=299, 562.2606pt x 421.575pt>
File: Images/BB_LP_bias_Alldata_2conds.png Graphic file (type png)
<use Images/BB_LP_bias_Alldata_2conds.png>
Package pdftex.def Info: Images/BB_LP_bias_Alldata_2conds.png  used on input li
ne 238.
(pdftex.def)             Requested size: 196.79416pt x 147.55345pt.
 [11 <./Images/RE_LP_bias_Alldata_4conds.png (PNG copy)> <./Images/RE_LP_bias_A
lldata_2conds.png (PNG copy)> <./Images/FH_LP_bias_Alldata_4conds.png (PNG copy
)> <./Images/FH_LP_bias_Alldata_2conds.png (PNG copy)> <./Images/BB_LP_bias_All
data_4conds.png (PNG copy)> <./Images/BB_LP_bias_Alldata_2conds.png (PNG copy)>
]
<Images/ALLSUBJ_PP_sensitivity_Alldata_4conds.png, id=305, 562.2606pt x 421.575
pt>
File: Images/ALLSUBJ_PP_sensitivity_Alldata_4conds.png Graphic file (type png)
<use Images/ALLSUBJ_PP_sensitivity_Alldata_4conds.png>
Package pdftex.def Info: Images/ALLSUBJ_PP_sensitivity_Alldata_4conds.png  used
 on input line 247.
(pdftex.def)             Requested size: 196.79416pt x 147.55345pt.
<Images/ALLSUBJ_PP_sensitivity_Alldata_2conds.png, id=306, 562.2606pt x 421.575
pt>
File: Images/ALLSUBJ_PP_sensitivity_Alldata_2conds.png Graphic file (type png)
<use Images/ALLSUBJ_PP_sensitivity_Alldata_2conds.png>
Package pdftex.def Info: Images/ALLSUBJ_PP_sensitivity_Alldata_2conds.png  used
 on input line 248.
(pdftex.def)             Requested size: 196.79416pt x 147.55345pt.
<Images/ALLSUBJ_LP_sensitivity_Alldata_4conds.png, id=307, 562.2606pt x 421.575
pt>
File: Images/ALLSUBJ_LP_sensitivity_Alldata_4conds.png Graphic file (type png)
<use Images/ALLSUBJ_LP_sensitivity_Alldata_4conds.png>
Package pdftex.def Info: Images/ALLSUBJ_LP_sensitivity_Alldata_4conds.png  used
 on input line 254.
(pdftex.def)             Requested size: 196.79416pt x 147.55345pt.
<Images/ALLSUBJ_LP_sensitivity_Alldata_2conds.png, id=308, 562.2606pt x 421.575
pt>
File: Images/ALLSUBJ_LP_sensitivity_Alldata_2conds.png Graphic file (type png)
<use Images/ALLSUBJ_LP_sensitivity_Alldata_2conds.png>
Package pdftex.def Info: Images/ALLSUBJ_LP_sensitivity_Alldata_2conds.png  used
 on input line 255.
(pdftex.def)             Requested size: 196.79416pt x 147.55345pt.
 [12 <./Images/ALLSUBJ_PP_sensitivity_Alldata_4conds.png (PNG copy)> <./Images/
ALLSUBJ_PP_sensitivity_Alldata_2conds.png (PNG copy)> <./Images/ALLSUBJ_LP_sens
itivity_Alldata_4conds.png (PNG copy)> <./Images/ALLSUBJ_LP_sensitivity_Alldata
_2conds.png (PNG copy)>]
<Images/ALLSUBJ_PP_bias_Alldata_4conds.png, id=314, 562.2606pt x 421.575pt>
File: Images/ALLSUBJ_PP_bias_Alldata_4conds.png Graphic file (type png)
<use Images/ALLSUBJ_PP_bias_Alldata_4conds.png>
Package pdftex.def Info: Images/ALLSUBJ_PP_bias_Alldata_4conds.png  used on inp
ut line 261.
(pdftex.def)             Requested size: 196.79416pt x 147.55345pt.
<Images/ALLSUBJ_PP_bias_Alldata_2conds.png, id=315, 562.2606pt x 421.575pt>
File: Images/ALLSUBJ_PP_bias_Alldata_2conds.png Graphic file (type png)
<use Images/ALLSUBJ_PP_bias_Alldata_2conds.png>
Package pdftex.def Info: Images/ALLSUBJ_PP_bias_Alldata_2conds.png  used on inp
ut line 262.
(pdftex.def)             Requested size: 196.79416pt x 147.55345pt.
<Images/ALLSUBJ_LP_bias_Alldata_4conds.png, id=316, 562.2606pt x 421.575pt>
File: Images/ALLSUBJ_LP_bias_Alldata_4conds.png Graphic file (type png)
<use Images/ALLSUBJ_LP_bias_Alldata_4conds.png>
Package pdftex.def Info: Images/ALLSUBJ_LP_bias_Alldata_4conds.png  used on inp
ut line 267.
(pdftex.def)             Requested size: 196.79416pt x 147.55345pt.
<Images/ALLSUBJ_LP_bias_Alldata_2conds.png, id=317, 562.2606pt x 421.575pt>
File: Images/ALLSUBJ_LP_bias_Alldata_2conds.png Graphic file (type png)
<use Images/ALLSUBJ_LP_bias_Alldata_2conds.png>
Package pdftex.def Info: Images/ALLSUBJ_LP_bias_Alldata_2conds.png  used on inp
ut line 268.
(pdftex.def)             Requested size: 196.79416pt x 147.55345pt.

[13 <./Images/ALLSUBJ_PP_bias_Alldata_4conds.png (PNG copy)> <./Images/ALLSUBJ_
PP_bias_Alldata_2conds.png (PNG copy)> <./Images/ALLSUBJ_LP_bias_Alldata_4conds
.png (PNG copy)> <./Images/ALLSUBJ_LP_bias_Alldata_2conds.png (PNG copy)>]
<Images/RE_PF_loc0_4conds.png, id=323, 1445.4pt x 755.9442pt>
File: Images/RE_PF_loc0_4conds.png Graphic file (type png)
<use Images/RE_PF_loc0_4conds.png>
Package pdftex.def Info: Images/RE_PF_loc0_4conds.png  used on input line 276.
(pdftex.def)             Requested size: 216.80064pt x 113.38673pt.
<Images/RE_PF_loc0_2conds.png, id=324, 1445.4pt x 755.9442pt>
File: Images/RE_PF_loc0_2conds.png Graphic file (type png)
<use Images/RE_PF_loc0_2conds.png>
Package pdftex.def Info: Images/RE_PF_loc0_2conds.png  used on input line 277.
(pdftex.def)             Requested size: 216.80064pt x 113.38673pt.
<Images/RE_PF_loc45_4conds.png, id=325, 1445.4pt x 755.9442pt>
File: Images/RE_PF_loc45_4conds.png Graphic file (type png)
<use Images/RE_PF_loc45_4conds.png>
Package pdftex.def Info: Images/RE_PF_loc45_4conds.png  used on input line 281.

(pdftex.def)             Requested size: 216.80064pt x 113.38673pt.
<Images/RE_PF_loc45_2conds.png, id=326, 1445.4pt x 755.9442pt>
File: Images/RE_PF_loc45_2conds.png Graphic file (type png)
<use Images/RE_PF_loc45_2conds.png>
Package pdftex.def Info: Images/RE_PF_loc45_2conds.png  used on input line 282.

(pdftex.def)             Requested size: 216.80064pt x 113.38673pt.
<Images/RE_PF_loc90_4conds.png, id=327, 1445.4pt x 755.9442pt>
File: Images/RE_PF_loc90_4conds.png Graphic file (type png)
<use Images/RE_PF_loc90_4conds.png>
Package pdftex.def Info: Images/RE_PF_loc90_4conds.png  used on input line 286.

(pdftex.def)             Requested size: 216.80064pt x 113.38673pt.
<Images/RE_PF_loc90_2conds.png, id=328, 1445.4pt x 755.9442pt>
File: Images/RE_PF_loc90_2conds.png Graphic file (type png)
<use Images/RE_PF_loc90_2conds.png>
Package pdftex.def Info: Images/RE_PF_loc90_2conds.png  used on input line 287.

(pdftex.def)             Requested size: 216.80064pt x 113.38673pt.
<Images/RE_PF_loc135_4conds.png, id=329, 1445.4pt x 755.9442pt>
File: Images/RE_PF_loc135_4conds.png Graphic file (type png)
<use Images/RE_PF_loc135_4conds.png>
Package pdftex.def Info: Images/RE_PF_loc135_4conds.png  used on input line 291
.
(pdftex.def)             Requested size: 216.80064pt x 113.38673pt.
<Images/RE_PF_loc135_2conds.png, id=330, 1445.4pt x 755.9442pt>
File: Images/RE_PF_loc135_2conds.png Graphic file (type png)
<use Images/RE_PF_loc135_2conds.png>
Package pdftex.def Info: Images/RE_PF_loc135_2conds.png  used on input line 292
.
(pdftex.def)             Requested size: 216.80064pt x 113.38673pt.
<Images/RE_PF_loc180_4conds.png, id=331, 1445.4pt x 755.9442pt>
File: Images/RE_PF_loc180_4conds.png Graphic file (type png)
<use Images/RE_PF_loc180_4conds.png>
Package pdftex.def Info: Images/RE_PF_loc180_4conds.png  used on input line 296
.
(pdftex.def)             Requested size: 216.80064pt x 113.38673pt.
<Images/RE_PF_loc180_2conds.png, id=332, 1445.4pt x 755.9442pt>
File: Images/RE_PF_loc180_2conds.png Graphic file (type png)
<use Images/RE_PF_loc180_2conds.png>
Package pdftex.def Info: Images/RE_PF_loc180_2conds.png  used on input line 297
.
(pdftex.def)             Requested size: 216.80064pt x 113.38673pt.
<Images/RE_PF_loc225_4conds.png, id=333, 1445.4pt x 755.9442pt>
File: Images/RE_PF_loc225_4conds.png Graphic file (type png)
<use Images/RE_PF_loc225_4conds.png>
Package pdftex.def Info: Images/RE_PF_loc225_4conds.png  used on input line 301
.
(pdftex.def)             Requested size: 216.80064pt x 113.38673pt.
<Images/RE_PF_loc225_2conds.png, id=334, 1445.4pt x 755.9442pt>
File: Images/RE_PF_loc225_2conds.png Graphic file (type png)
<use Images/RE_PF_loc225_2conds.png>
Package pdftex.def Info: Images/RE_PF_loc225_2conds.png  used on input line 302
.
(pdftex.def)             Requested size: 216.80064pt x 113.38673pt.

[14 <./Images/RE_PF_loc0_4conds.png (PNG copy)> <./Images/RE_PF_loc0_2conds.png
 (PNG copy)> <./Images/RE_PF_loc45_4conds.png (PNG copy)> <./Images/RE_PF_loc45
_2conds.png (PNG copy)> <./Images/RE_PF_loc90_4conds.png (PNG copy)> <./Images/
RE_PF_loc90_2conds.png (PNG copy)> <./Images/RE_PF_loc135_4conds.png (PNG copy)
> <./Images/RE_PF_loc135_2conds.png (PNG copy)>]
<Images/RE_PF_loc270_4conds.png, id=339, 1445.4pt x 755.9442pt>
File: Images/RE_PF_loc270_4conds.png Graphic file (type png)
<use Images/RE_PF_loc270_4conds.png>
Package pdftex.def Info: Images/RE_PF_loc270_4conds.png  used on input line 306
.
(pdftex.def)             Requested size: 216.80064pt x 113.38673pt.
<Images/RE_PF_loc270_2conds.png, id=340, 1445.4pt x 755.9442pt>
File: Images/RE_PF_loc270_2conds.png Graphic file (type png)
<use Images/RE_PF_loc270_2conds.png>
Package pdftex.def Info: Images/RE_PF_loc270_2conds.png  used on input line 307
.
(pdftex.def)             Requested size: 216.80064pt x 113.38673pt.
<Images/RE_PF_loc315_4conds.png, id=341, 1445.4pt x 755.9442pt>
File: Images/RE_PF_loc315_4conds.png Graphic file (type png)
<use Images/RE_PF_loc315_4conds.png>
Package pdftex.def Info: Images/RE_PF_loc315_4conds.png  used on input line 311
.
(pdftex.def)             Requested size: 216.80064pt x 113.38673pt.
<Images/RE_PF_loc315_2conds.png, id=342, 1445.4pt x 755.9442pt>
File: Images/RE_PF_loc315_2conds.png Graphic file (type png)
<use Images/RE_PF_loc315_2conds.png>
Package pdftex.def Info: Images/RE_PF_loc315_2conds.png  used on input line 312
.
(pdftex.def)             Requested size: 216.80064pt x 113.38673pt.
 [15 <./Images/RE_PF_loc180_4conds.png (PNG copy)> <./Images/RE_PF_loc180_2cond
s.png (PNG copy)> <./Images/RE_PF_loc225_4conds.png (PNG copy)> <./Images/RE_PF
_loc225_2conds.png (PNG copy)> <./Images/RE_PF_loc270_4conds.png (PNG copy)> <.
/Images/RE_PF_loc270_2conds.png (PNG copy)> <./Images/RE_PF_loc315_4conds.png (
PNG copy)> <./Images/RE_PF_loc315_2conds.png (PNG copy)>]
<Images/FH_PF_loc0_4conds.png, id=347, 1445.4pt x 755.9442pt>
File: Images/FH_PF_loc0_4conds.png Graphic file (type png)
<use Images/FH_PF_loc0_4conds.png>
Package pdftex.def Info: Images/FH_PF_loc0_4conds.png  used on input line 319.
(pdftex.def)             Requested size: 216.80064pt x 113.38673pt.
<Images/FH_PF_loc0_2conds.png, id=348, 1445.4pt x 755.9442pt>
File: Images/FH_PF_loc0_2conds.png Graphic file (type png)
<use Images/FH_PF_loc0_2conds.png>
Package pdftex.def Info: Images/FH_PF_loc0_2conds.png  used on input line 320.
(pdftex.def)             Requested size: 216.80064pt x 113.38673pt.
<Images/FH_PF_loc45_4conds.png, id=349, 1445.4pt x 755.9442pt>
File: Images/FH_PF_loc45_4conds.png Graphic file (type png)
<use Images/FH_PF_loc45_4conds.png>
Package pdftex.def Info: Images/FH_PF_loc45_4conds.png  used on input line 324.

(pdftex.def)             Requested size: 216.80064pt x 113.38673pt.
<Images/FH_PF_loc45_2conds.png, id=350, 1445.4pt x 755.9442pt>
File: Images/FH_PF_loc45_2conds.png Graphic file (type png)
<use Images/FH_PF_loc45_2conds.png>
Package pdftex.def Info: Images/FH_PF_loc45_2conds.png  used on input line 325.

(pdftex.def)             Requested size: 216.80064pt x 113.38673pt.
<Images/FH_PF_loc90_4conds.png, id=351, 1445.4pt x 755.9442pt>
File: Images/FH_PF_loc90_4conds.png Graphic file (type png)
<use Images/FH_PF_loc90_4conds.png>
Package pdftex.def Info: Images/FH_PF_loc90_4conds.png  used on input line 329.

(pdftex.def)             Requested size: 216.80064pt x 113.38673pt.
<Images/FH_PF_loc90_2conds.png, id=352, 1445.4pt x 755.9442pt>
File: Images/FH_PF_loc90_2conds.png Graphic file (type png)
<use Images/FH_PF_loc90_2conds.png>
Package pdftex.def Info: Images/FH_PF_loc90_2conds.png  used on input line 330.

(pdftex.def)             Requested size: 216.80064pt x 113.38673pt.
<Images/FH_PF_loc135_4conds.png, id=353, 1445.4pt x 755.9442pt>
File: Images/FH_PF_loc135_4conds.png Graphic file (type png)
<use Images/FH_PF_loc135_4conds.png>
Package pdftex.def Info: Images/FH_PF_loc135_4conds.png  used on input line 334
.
(pdftex.def)             Requested size: 216.80064pt x 113.38673pt.
<Images/FH_PF_loc135_2conds.png, id=354, 1445.4pt x 755.9442pt>
File: Images/FH_PF_loc135_2conds.png Graphic file (type png)
<use Images/FH_PF_loc135_2conds.png>
Package pdftex.def Info: Images/FH_PF_loc135_2conds.png  used on input line 335
.
(pdftex.def)             Requested size: 216.80064pt x 113.38673pt.
<Images/FH_PF_loc180_4conds.png, id=355, 1445.4pt x 755.9442pt>
File: Images/FH_PF_loc180_4conds.png Graphic file (type png)
<use Images/FH_PF_loc180_4conds.png>
Package pdftex.def Info: Images/FH_PF_loc180_4conds.png  used on input line 339
.
(pdftex.def)             Requested size: 216.80064pt x 113.38673pt.
<Images/FH_PF_loc180_2conds.png, id=356, 1445.4pt x 755.9442pt>
File: Images/FH_PF_loc180_2conds.png Graphic file (type png)
<use Images/FH_PF_loc180_2conds.png>
Package pdftex.def Info: Images/FH_PF_loc180_2conds.png  used on input line 340
.
(pdftex.def)             Requested size: 216.80064pt x 113.38673pt.
<Images/FH_PF_loc225_4conds.png, id=357, 1445.4pt x 755.9442pt>
File: Images/FH_PF_loc225_4conds.png Graphic file (type png)
<use Images/FH_PF_loc225_4conds.png>
Package pdftex.def Info: Images/FH_PF_loc225_4conds.png  used on input line 344
.
(pdftex.def)             Requested size: 216.80064pt x 113.38673pt.
<Images/FH_PF_loc225_2conds.png, id=358, 1445.4pt x 755.9442pt>
File: Images/FH_PF_loc225_2conds.png Graphic file (type png)
<use Images/FH_PF_loc225_2conds.png>
Package pdftex.def Info: Images/FH_PF_loc225_2conds.png  used on input line 345
.
(pdftex.def)             Requested size: 216.80064pt x 113.38673pt.
 [16 <./Images/FH_PF_loc0_4conds.png (PNG copy)> <./Images/FH_PF_loc0_2conds.pn
g (PNG copy)> <./Images/FH_PF_loc45_4conds.png (PNG copy)> <./Images/FH_PF_loc4
5_2conds.png (PNG copy)> <./Images/FH_PF_loc90_4conds.png (PNG copy)> <./Images
/FH_PF_loc90_2conds.png (PNG copy)> <./Images/FH_PF_loc135_4conds.png (PNG copy
)> <./Images/FH_PF_loc135_2conds.png (PNG copy)>]
<Images/FH_PF_loc270_4conds.png, id=363, 1445.4pt x 755.9442pt>
File: Images/FH_PF_loc270_4conds.png Graphic file (type png)
<use Images/FH_PF_loc270_4conds.png>
Package pdftex.def Info: Images/FH_PF_loc270_4conds.png  used on input line 349
.
(pdftex.def)             Requested size: 216.80064pt x 113.38673pt.
<Images/FH_PF_loc270_2conds.png, id=364, 1445.4pt x 755.9442pt>
File: Images/FH_PF_loc270_2conds.png Graphic file (type png)
<use Images/FH_PF_loc270_2conds.png>
Package pdftex.def Info: Images/FH_PF_loc270_2conds.png  used on input line 350
.
(pdftex.def)             Requested size: 216.80064pt x 113.38673pt.
<Images/FH_PF_loc315_4conds.png, id=365, 1445.4pt x 755.9442pt>
File: Images/FH_PF_loc315_4conds.png Graphic file (type png)
<use Images/FH_PF_loc315_4conds.png>
Package pdftex.def Info: Images/FH_PF_loc315_4conds.png  used on input line 354
.
(pdftex.def)             Requested size: 216.80064pt x 113.38673pt.
<Images/FH_PF_loc315_2conds.png, id=366, 1445.4pt x 755.9442pt>
File: Images/FH_PF_loc315_2conds.png Graphic file (type png)
<use Images/FH_PF_loc315_2conds.png>
Package pdftex.def Info: Images/FH_PF_loc315_2conds.png  used on input line 355
.
(pdftex.def)             Requested size: 216.80064pt x 113.38673pt.

[17 <./Images/FH_PF_loc180_4conds.png (PNG copy)> <./Images/FH_PF_loc180_2conds
.png (PNG copy)> <./Images/FH_PF_loc225_4conds.png (PNG copy)> <./Images/FH_PF_
loc225_2conds.png (PNG copy)> <./Images/FH_PF_loc270_4conds.png (PNG copy)> <./
Images/FH_PF_loc270_2conds.png (PNG copy)> <./Images/FH_PF_loc315_4conds.png (P
NG copy)> <./Images/FH_PF_loc315_2conds.png (PNG copy)>]
<Images/BB_PF_loc0_4conds.png, id=372, 1445.4pt x 755.9442pt>
File: Images/BB_PF_loc0_4conds.png Graphic file (type png)
<use Images/BB_PF_loc0_4conds.png>
Package pdftex.def Info: Images/BB_PF_loc0_4conds.png  used on input line 362.
(pdftex.def)             Requested size: 216.80064pt x 113.38673pt.
<Images/BB_PF_loc0_2conds.png, id=373, 1445.4pt x 755.9442pt>
File: Images/BB_PF_loc0_2conds.png Graphic file (type png)
<use Images/BB_PF_loc0_2conds.png>
Package pdftex.def Info: Images/BB_PF_loc0_2conds.png  used on input line 363.
(pdftex.def)             Requested size: 216.80064pt x 113.38673pt.
<Images/BB_PF_loc45_4conds.png, id=374, 1445.4pt x 755.9442pt>
File: Images/BB_PF_loc45_4conds.png Graphic file (type png)
<use Images/BB_PF_loc45_4conds.png>
Package pdftex.def Info: Images/BB_PF_loc45_4conds.png  used on input line 367.

(pdftex.def)             Requested size: 216.80064pt x 113.38673pt.
<Images/BB_PF_loc45_2conds.png, id=375, 1445.4pt x 755.9442pt>
File: Images/BB_PF_loc45_2conds.png Graphic file (type png)
<use Images/BB_PF_loc45_2conds.png>
Package pdftex.def Info: Images/BB_PF_loc45_2conds.png  used on input line 368.

(pdftex.def)             Requested size: 216.80064pt x 113.38673pt.
<Images/BB_PF_loc90_4conds.png, id=376, 1445.4pt x 755.9442pt>
File: Images/BB_PF_loc90_4conds.png Graphic file (type png)
<use Images/BB_PF_loc90_4conds.png>
Package pdftex.def Info: Images/BB_PF_loc90_4conds.png  used on input line 372.

(pdftex.def)             Requested size: 216.80064pt x 113.38673pt.
<Images/BB_PF_loc90_2conds.png, id=377, 1445.4pt x 755.9442pt>
File: Images/BB_PF_loc90_2conds.png Graphic file (type png)
<use Images/BB_PF_loc90_2conds.png>
Package pdftex.def Info: Images/BB_PF_loc90_2conds.png  used on input line 373.

(pdftex.def)             Requested size: 216.80064pt x 113.38673pt.
<Images/BB_PF_loc135_4conds.png, id=378, 1445.4pt x 755.9442pt>
File: Images/BB_PF_loc135_4conds.png Graphic file (type png)
<use Images/BB_PF_loc135_4conds.png>
Package pdftex.def Info: Images/BB_PF_loc135_4conds.png  used on input line 377
.
(pdftex.def)             Requested size: 216.80064pt x 113.38673pt.
<Images/BB_PF_loc135_2conds.png, id=379, 1445.4pt x 755.9442pt>
File: Images/BB_PF_loc135_2conds.png Graphic file (type png)
<use Images/BB_PF_loc135_2conds.png>
Package pdftex.def Info: Images/BB_PF_loc135_2conds.png  used on input line 378
.
(pdftex.def)             Requested size: 216.80064pt x 113.38673pt.
<Images/BB_PF_loc180_4conds.png, id=380, 1445.4pt x 755.9442pt>
File: Images/BB_PF_loc180_4conds.png Graphic file (type png)
<use Images/BB_PF_loc180_4conds.png>
Package pdftex.def Info: Images/BB_PF_loc180_4conds.png  used on input line 382
.
(pdftex.def)             Requested size: 216.80064pt x 113.38673pt.
<Images/BB_PF_loc180_2conds.png, id=381, 1445.4pt x 755.9442pt>
File: Images/BB_PF_loc180_2conds.png Graphic file (type png)
<use Images/BB_PF_loc180_2conds.png>
Package pdftex.def Info: Images/BB_PF_loc180_2conds.png  used on input line 383
.
(pdftex.def)             Requested size: 216.80064pt x 113.38673pt.
<Images/BB_PF_loc225_4conds.png, id=382, 1445.4pt x 755.9442pt>
File: Images/BB_PF_loc225_4conds.png Graphic file (type png)
<use Images/BB_PF_loc225_4conds.png>
Package pdftex.def Info: Images/BB_PF_loc225_4conds.png  used on input line 387
.
(pdftex.def)             Requested size: 216.80064pt x 113.38673pt.
<Images/BB_PF_loc225_2conds.png, id=383, 1445.4pt x 755.9442pt>
File: Images/BB_PF_loc225_2conds.png Graphic file (type png)
<use Images/BB_PF_loc225_2conds.png>
Package pdftex.def Info: Images/BB_PF_loc225_2conds.png  used on input line 388
.
(pdftex.def)             Requested size: 216.80064pt x 113.38673pt.
 [18 <./Images/BB_PF_loc0_4conds.png (PNG copy)> <./Images/BB_PF_loc0_2conds.pn
g (PNG copy)> <./Images/BB_PF_loc45_4conds.png (PNG copy)> <./Images/BB_PF_loc4
5_2conds.png (PNG copy)> <./Images/BB_PF_loc90_4conds.png (PNG copy)> <./Images
/BB_PF_loc90_2conds.png (PNG copy)> <./Images/BB_PF_loc135_4conds.png (PNG copy
)> <./Images/BB_PF_loc135_2conds.png (PNG copy)>]
<Images/BB_PF_loc270_4conds.png, id=388, 1445.4pt x 755.9442pt>
File: Images/BB_PF_loc270_4conds.png Graphic file (type png)
<use Images/BB_PF_loc270_4conds.png>
Package pdftex.def Info: Images/BB_PF_loc270_4conds.png  used on input line 392
.
(pdftex.def)             Requested size: 216.80064pt x 113.38673pt.
<Images/BB_PF_loc270_2conds.png, id=389, 1445.4pt x 755.9442pt>
File: Images/BB_PF_loc270_2conds.png Graphic file (type png)
<use Images/BB_PF_loc270_2conds.png>
Package pdftex.def Info: Images/BB_PF_loc270_2conds.png  used on input line 393
.
(pdftex.def)             Requested size: 216.80064pt x 113.38673pt.
<Images/BB_PF_loc315_4conds.png, id=390, 1445.4pt x 755.9442pt>
File: Images/BB_PF_loc315_4conds.png Graphic file (type png)
<use Images/BB_PF_loc315_4conds.png>
Package pdftex.def Info: Images/BB_PF_loc315_4conds.png  used on input line 397
.
(pdftex.def)             Requested size: 216.80064pt x 113.38673pt.
<Images/BB_PF_loc315_2conds.png, id=391, 1445.4pt x 755.9442pt>
File: Images/BB_PF_loc315_2conds.png Graphic file (type png)
<use Images/BB_PF_loc315_2conds.png>
Package pdftex.def Info: Images/BB_PF_loc315_2conds.png  used on input line 398
.
(pdftex.def)             Requested size: 216.80064pt x 113.38673pt.
 [19 <./Images/BB_PF_loc180_4conds.png (PNG copy)> <./Images/BB_PF_loc180_2cond
s.png (PNG copy)> <./Images/BB_PF_loc225_4conds.png (PNG copy)> <./Images/BB_PF
_loc225_2conds.png (PNG copy)> <./Images/BB_PF_loc270_4conds.png (PNG copy)> <.
/Images/BB_PF_loc270_2conds.png (PNG copy)> <./Images/BB_PF_loc315_4conds.png (
PNG copy)> <./Images/BB_PF_loc315_2conds.png (PNG copy)>]
<Images/Cartoon1.png, id=397, 746.79pt x 349.305pt>
File: Images/Cartoon1.png Graphic file (type png)
<use Images/Cartoon1.png>
Package pdftex.def Info: Images/Cartoon1.png  used on input line 421.
(pdftex.def)             Requested size: 186.69704pt x 87.32603pt.
<Images/Cartoon2.png, id=398, 593.71812pt x 343.2825pt>
File: Images/Cartoon2.png Graphic file (type png)
<use Images/Cartoon2.png>
Package pdftex.def Info: Images/Cartoon2.png  used on input line 425.
(pdftex.def)             Requested size: 148.42917pt x 85.8204pt.
<Images/Cartoon3.png, id=399, 590.205pt x 355.3275pt>
File: Images/Cartoon3.png Graphic file (type png)
<use Images/Cartoon3.png>
Package pdftex.def Info: Images/Cartoon3.png  used on input line 426.
(pdftex.def)             Requested size: 147.55089pt x 88.83165pt.
<Images/Cartoon4.png, id=400, 737.75626pt x 346.29375pt>
File: Images/Cartoon4.png Graphic file (type png)
<use Images/Cartoon4.png>
Package pdftex.def Info: Images/Cartoon4.png  used on input line 430.
(pdftex.def)             Requested size: 184.43861pt x 86.57321pt.
 [20 <./Images/Cartoon1.png> <./Images/Cartoon2.png> <./Images/Cartoon3.png> <.
/Images/Cartoon4.png>]
<Images/Cartoon5.png, id=413, 746.79pt x 416.55624pt>
File: Images/Cartoon5.png Graphic file (type png)
<use Images/Cartoon5.png>
Package pdftex.def Info: Images/Cartoon5.png  used on input line 458.
(pdftex.def)             Requested size: 186.69704pt x 104.1388pt.
 [21 <./Images/Cartoon5.png>] [22] [23] [24]
<Images/PF_RE_allcond.png, id=439, 2890.8pt x 1523.6925pt>
File: Images/PF_RE_allcond.png Graphic file (type png)
<use Images/PF_RE_allcond.png>
Package pdftex.def Info: Images/PF_RE_allcond.png  used on input line 559.
(pdftex.def)             Requested size: 173.44052pt x 91.4176pt.
<Images/MeanSlopeError_ci_RE_allcond.png, id=440, 1124.2pt x 843.15pt>
File: Images/MeanSlopeError_ci_RE_allcond.png Graphic file (type png)
<use Images/MeanSlopeError_ci_RE_allcond.png>
Package pdftex.def Info: Images/MeanSlopeError_ci_RE_allcond.png  used on input
 line 560.
(pdftex.def)             Requested size: 123.66238pt x 92.74678pt.
<Images/MeanBiasError_ci_RE_allcond.png, id=441, 1124.2pt x 843.15pt>
File: Images/MeanBiasError_ci_RE_allcond.png Graphic file (type png)
<use Images/MeanBiasError_ci_RE_allcond.png>
Package pdftex.def Info: Images/MeanBiasError_ci_RE_allcond.png  used on input 
line 561.
(pdftex.def)             Requested size: 123.66238pt x 92.74678pt.
<Images/PF_RE_oblique.png, id=442, 2890.8pt x 1523.6925pt>
File: Images/PF_RE_oblique.png Graphic file (type png)
<use Images/PF_RE_oblique.png>
Package pdftex.def Info: Images/PF_RE_oblique.png  used on input line 562.
(pdftex.def)             Requested size: 173.44052pt x 91.4176pt.
<Images/MeanSlopeError_ci_RE_oblique.png, id=443, 1124.2pt x 843.15pt>
File: Images/MeanSlopeError_ci_RE_oblique.png Graphic file (type png)
<use Images/MeanSlopeError_ci_RE_oblique.png>
Package pdftex.def Info: Images/MeanSlopeError_ci_RE_oblique.png  used on input
 line 563.
(pdftex.def)             Requested size: 123.66238pt x 92.74678pt.
<Images/MeanBiasError_ci_RE_oblique.png, id=444, 1124.2pt x 843.15pt>
File: Images/MeanBiasError_ci_RE_oblique.png Graphic file (type png)
<use Images/MeanBiasError_ci_RE_oblique.png>
Package pdftex.def Info: Images/MeanBiasError_ci_RE_oblique.png  used on input 
line 564.
(pdftex.def)             Requested size: 123.66238pt x 92.74678pt.
<Images/PF_RE_cardinal.png, id=445, 2890.8pt x 1523.6925pt>
File: Images/PF_RE_cardinal.png Graphic file (type png)
<use Images/PF_RE_cardinal.png>
Package pdftex.def Info: Images/PF_RE_cardinal.png  used on input line 565.
(pdftex.def)             Requested size: 173.44052pt x 91.4176pt.
<Images/MeanSlopeError_ci_RE_cardinal.png, id=446, 1124.2pt x 843.15pt>
File: Images/MeanSlopeError_ci_RE_cardinal.png Graphic file (type png)
<use Images/MeanSlopeError_ci_RE_cardinal.png>
Package pdftex.def Info: Images/MeanSlopeError_ci_RE_cardinal.png  used on inpu
t line 566.
(pdftex.def)             Requested size: 123.66238pt x 92.74678pt.
<Images/MeanBiasError_ci_RE_cardinal.png, id=447, 1124.2pt x 843.15pt>
File: Images/MeanBiasError_ci_RE_cardinal.png Graphic file (type png)
<use Images/MeanBiasError_ci_RE_cardinal.png>
Package pdftex.def Info: Images/MeanBiasError_ci_RE_cardinal.png  used on input
 line 567.
(pdftex.def)             Requested size: 123.66238pt x 92.74678pt.
 [25 <./Images/PF_RE_allcond.png (PNG copy)> <./Images/MeanSlopeError_ci_RE_all
cond.png (PNG copy)> <./Images/MeanBiasError_ci_RE_allcond.png (PNG copy)> <./I
mages/PF_RE_oblique.png (PNG copy)> <./Images/MeanSlopeError_ci_RE_oblique.png 
(PNG copy)> <./Images/MeanBiasError_ci_RE_oblique.png (PNG copy)> <./Images/PF_
RE_cardinal.png (PNG copy)> <./Images/MeanSlopeError_ci_RE_cardinal.png (PNG co
py)> <./Images/MeanBiasError_ci_RE_cardinal.png (PNG copy)>]
<Images/polarplot_new.png, id=454, 1124.2pt x 843.15pt>
File: Images/polarplot_new.png Graphic file (type png)
<use Images/polarplot_new.png>
Package pdftex.def Info: Images/polarplot_new.png  used on input line 591.
(pdftex.def)             Requested size: 202.34726pt x 151.76045pt.
<Images/performance_polarplot.png, id=455, 562.1pt x 421.575pt>
File: Images/performance_polarplot.png Graphic file (type png)
<use Images/performance_polarplot.png>
Package pdftex.def Info: Images/performance_polarplot.png  used on input line 5
92.
(pdftex.def)             Requested size: 196.73795pt x 147.55345pt.
<Images/block_performance_new.png, id=456, 1124.2pt x 843.15pt>
File: Images/block_performance_new.png Graphic file (type png)
<use Images/block_performance_new.png>
Package pdftex.def Info: Images/block_performance_new.png  used on input line 5
98.
(pdftex.def)             Requested size: 168.62273pt x 126.46704pt.
<Images/block_performance.png, id=457, 1124.2pt x 843.15pt>
File: Images/block_performance.png Graphic file (type png)
<use Images/block_performance.png>
Package pdftex.def Info: Images/block_performance.png  used on input line 599.
(pdftex.def)             Requested size: 168.62273pt x 126.46704pt.
 [26 <./Images/polarplot_new.png (PNG copy)> <./Images/performance_polarplot.pn
g (PNG copy)> <./Images/block_performance_new.png (PNG copy)> <./Images/block_p
erformance.png (PNG copy)>]
<Images/PF_FH_allcond.png, id=464, 2890.8pt x 1587.9325pt>
File: Images/PF_FH_allcond.png Graphic file (type png)
<use Images/PF_FH_allcond.png>
Package pdftex.def Info: Images/PF_FH_allcond.png  used on input line 607.
(pdftex.def)             Requested size: 173.44052pt x 95.27184pt.
<Images/MeanSlopeError_ci_FH_allcond.png, id=465, 1124.2pt x 843.15pt>
File: Images/MeanSlopeError_ci_FH_allcond.png Graphic file (type png)
<use Images/MeanSlopeError_ci_FH_allcond.png>
Package pdftex.def Info: Images/MeanSlopeError_ci_FH_allcond.png  used on input
 line 608.
(pdftex.def)             Requested size: 123.66238pt x 92.74678pt.
<Images/MeanBiasError_ci_FH_allcond.png, id=466, 1124.2pt x 843.15pt>
File: Images/MeanBiasError_ci_FH_allcond.png Graphic file (type png)
<use Images/MeanBiasError_ci_FH_allcond.png>
Package pdftex.def Info: Images/MeanBiasError_ci_FH_allcond.png  used on input 
line 609.
(pdftex.def)             Requested size: 123.66238pt x 92.74678pt.
<Images/PF_FH_oblique.png, id=467, 2890.8pt x 1587.9325pt>
File: Images/PF_FH_oblique.png Graphic file (type png)
<use Images/PF_FH_oblique.png>
Package pdftex.def Info: Images/PF_FH_oblique.png  used on input line 610.
(pdftex.def)             Requested size: 173.44052pt x 95.27184pt.
<Images/MeanSlopeError_ci_FH_oblique.png, id=468, 1124.2pt x 843.15pt>
File: Images/MeanSlopeError_ci_FH_oblique.png Graphic file (type png)
<use Images/MeanSlopeError_ci_FH_oblique.png>
Package pdftex.def Info: Images/MeanSlopeError_ci_FH_oblique.png  used on input
 line 611.
(pdftex.def)             Requested size: 123.66238pt x 92.74678pt.
<Images/MeanBiasError_ci_FH_oblique.png, id=469, 1124.2pt x 843.15pt>
File: Images/MeanBiasError_ci_FH_oblique.png Graphic file (type png)
<use Images/MeanBiasError_ci_FH_oblique.png>
Package pdftex.def Info: Images/MeanBiasError_ci_FH_oblique.png  used on input 
line 612.
(pdftex.def)             Requested size: 123.66238pt x 92.74678pt.
<Images/PF_FH_cardinal.png, id=470, 2890.8pt x 1587.9325pt>
File: Images/PF_FH_cardinal.png Graphic file (type png)
<use Images/PF_FH_cardinal.png>
Package pdftex.def Info: Images/PF_FH_cardinal.png  used on input line 613.
(pdftex.def)             Requested size: 173.44052pt x 95.27184pt.
<Images/MeanSlopeError_ci_FH_cardinal.png, id=471, 1124.2pt x 843.15pt>
File: Images/MeanSlopeError_ci_FH_cardinal.png Graphic file (type png)
<use Images/MeanSlopeError_ci_FH_cardinal.png>
Package pdftex.def Info: Images/MeanSlopeError_ci_FH_cardinal.png  used on inpu
t line 614.
(pdftex.def)             Requested size: 123.66238pt x 92.74678pt.
<Images/MeanBiasError_ci_FH_cardinal.png, id=472, 1124.2pt x 843.15pt>
File: Images/MeanBiasError_ci_FH_cardinal.png Graphic file (type png)
<use Images/MeanBiasError_ci_FH_cardinal.png>
Package pdftex.def Info: Images/MeanBiasError_ci_FH_cardinal.png  used on input
 line 615.
(pdftex.def)             Requested size: 123.66238pt x 92.74678pt.

[27 <./Images/PF_FH_allcond.png (PNG copy)> <./Images/MeanSlopeError_ci_FH_allc
ond.png (PNG copy)> <./Images/MeanBiasError_ci_FH_allcond.png (PNG copy)> <./Im
ages/PF_FH_oblique.png (PNG copy)> <./Images/MeanSlopeError_ci_FH_oblique.png (
PNG copy)> <./Images/MeanBiasError_ci_FH_oblique.png (PNG copy)> <./Images/PF_F
H_cardinal.png (PNG copy)> <./Images/MeanSlopeError_ci_FH_cardinal.png (PNG cop
y)> <./Images/MeanBiasError_ci_FH_cardinal.png (PNG copy)>]
<Images/PF_BB_allcond.png, id=478, 2890.8pt x 1587.9325pt>
File: Images/PF_BB_allcond.png Graphic file (type png)
<use Images/PF_BB_allcond.png>
Package pdftex.def Info: Images/PF_BB_allcond.png  used on input line 639.
(pdftex.def)             Requested size: 173.44052pt x 95.27184pt.
<Images/MeanSlopeError_ci_BB_allcond.png, id=479, 1124.2pt x 843.15pt>
File: Images/MeanSlopeError_ci_BB_allcond.png Graphic file (type png)
<use Images/MeanSlopeError_ci_BB_allcond.png>
Package pdftex.def Info: Images/MeanSlopeError_ci_BB_allcond.png  used on input
 line 640.
(pdftex.def)             Requested size: 123.66238pt x 92.74678pt.
<Images/MeanBiasError_ci_BB_allcond.png, id=480, 1124.2pt x 843.15pt>
File: Images/MeanBiasError_ci_BB_allcond.png Graphic file (type png)
<use Images/MeanBiasError_ci_BB_allcond.png>
Package pdftex.def Info: Images/MeanBiasError_ci_BB_allcond.png  used on input 
line 641.
(pdftex.def)             Requested size: 123.66238pt x 92.74678pt.
<Images/PF_BB_oblique.png, id=481, 2890.8pt x 1587.9325pt>
File: Images/PF_BB_oblique.png Graphic file (type png)
<use Images/PF_BB_oblique.png>
Package pdftex.def Info: Images/PF_BB_oblique.png  used on input line 642.
(pdftex.def)             Requested size: 173.44052pt x 95.27184pt.
<Images/MeanSlopeError_ci_BB_oblique.png, id=482, 1124.2pt x 843.15pt>
File: Images/MeanSlopeError_ci_BB_oblique.png Graphic file (type png)
<use Images/MeanSlopeError_ci_BB_oblique.png>
Package pdftex.def Info: Images/MeanSlopeError_ci_BB_oblique.png  used on input
 line 643.
(pdftex.def)             Requested size: 123.66238pt x 92.74678pt.
<Images/MeanBiasError_ci_BB_oblique.png, id=483, 1124.2pt x 843.15pt>
File: Images/MeanBiasError_ci_BB_oblique.png Graphic file (type png)
<use Images/MeanBiasError_ci_BB_oblique.png>
Package pdftex.def Info: Images/MeanBiasError_ci_BB_oblique.png  used on input 
line 644.
(pdftex.def)             Requested size: 123.66238pt x 92.74678pt.
<Images/PF_BB_cardinal.png, id=484, 2890.8pt x 1587.9325pt>
File: Images/PF_BB_cardinal.png Graphic file (type png)
<use Images/PF_BB_cardinal.png>
Package pdftex.def Info: Images/PF_BB_cardinal.png  used on input line 645.
(pdftex.def)             Requested size: 173.44052pt x 95.27184pt.
<Images/MeanSlopeError_ci_BB_cardinal.png, id=485, 1124.2pt x 843.15pt>
File: Images/MeanSlopeError_ci_BB_cardinal.png Graphic file (type png)
<use Images/MeanSlopeError_ci_BB_cardinal.png>
Package pdftex.def Info: Images/MeanSlopeError_ci_BB_cardinal.png  used on inpu
t line 646.
(pdftex.def)             Requested size: 123.66238pt x 92.74678pt.
<Images/MeanBiasError_ci_BB_cardinal.png, id=486, 1124.2pt x 843.15pt>
File: Images/MeanBiasError_ci_BB_cardinal.png Graphic file (type png)
<use Images/MeanBiasError_ci_BB_cardinal.png>
Package pdftex.def Info: Images/MeanBiasError_ci_BB_cardinal.png  used on input
 line 647.
(pdftex.def)             Requested size: 123.66238pt x 92.74678pt.
Package atveryend Info: Empty hook `BeforeClearDocument' on input line 667.
 [28 <./Images/PF_BB_allcond.png (PNG copy)> <./Images/MeanSlopeError_ci_BB_all
cond.png (PNG copy)> <./Images/MeanBiasError_ci_BB_allcond.png (PNG copy)> <./I
mages/PF_BB_oblique.png (PNG copy)> <./Images/MeanSlopeError_ci_BB_oblique.png 
(PNG copy)> <./Images/MeanBiasError_ci_BB_oblique.png (PNG copy)> <./Images/PF_
BB_cardinal.png (PNG copy)> <./Images/MeanSlopeError_ci_BB_cardinal.png (PNG co
py)> <./Images/MeanBiasError_ci_BB_cardinal.png (PNG copy)>]
Package atveryend Info: Empty hook `AfterLastShipout' on input line 667.
 (./RadialBias.aux)
Package atveryend Info: Executing hook `AtVeryEndDocument' on input line 667.
Package atveryend Info: Executing hook `AtEndAfterFileList' on input line 667.
Package rerunfilecheck Info: File `RadialBias.out' has not changed.
(rerunfilecheck)             Checksum: 4CAB854FE211D1364EC1693A824EB095;2472.
Package atveryend Info: Empty hook `AtVeryVeryEnd' on input line 667.
 ) 
Here is how much of TeX's memory you used:
 11548 strings out of 480608
 232292 string characters out of 5903631
 475927 words of memory out of 5000000
 27029 multiletter control sequences out of 15000+600000
 542629 words of font info for 63 fonts, out of 8000000 for 9000
 1141 hyphenation exceptions out of 8191
 39i,7n,46p,834b,834s stack positions out of 5000i,500n,10000p,200000b,80000s
{/usr/local/texlive/2020/texmf-dist/fonts/enc/dvips/cm-super/cm-super-ts1.enc
}</usr/local/texlive/2020/texmf-dist/fonts/type1/public/amsfonts/cm/cmbx10.pfb>
</usr/local/texlive/2020/texmf-dist/fonts/type1/public/amsfonts/cm/cmbx12.pfb><
/usr/local/texlive/2020/texmf-dist/fonts/type1/public/amsfonts/cm/cmr10.pfb></u
sr/local/texlive/2020/texmf-dist/fonts/type1/public/amsfonts/cm/cmr12.pfb></usr
/local/texlive/2020/texmf-dist/fonts/type1/public/amsfonts/cm/cmr17.pfb></usr/l
ocal/texlive/2020/texmf-dist/fonts/type1/public/amsfonts/cm/cmsl10.pfb></usr/lo
cal/texlive/2020/texmf-dist/fonts/type1/public/cm-super/sfrm1095.pfb>
Output written on RadialBias.pdf (28 pages, 14319895 bytes).
PDF statistics:
 541 PDF objects out of 1000 (max. 8388607)
 355 compressed objects within 4 object streams
 101 named destinations out of 1000 (max. 500000)
 974 words of extra memory for PDF output out of 10000 (max. 10000000)

